<?xml version="1.0" encoding="utf-8"?>
<testsuites>
	<testsuite name="marine_regions" timestamp="2026-04-01T09:26:54.659456+00:00" tests="6" errors="0" failures="1" skipped="0" time="1.004603624343872">
		<testcase name="ldes_harvest [https://marineregions.org/feed.ttl]" classname="marine_regions" time="1.0040745735168457">
			<system-out>Fetching RDF graph from: https://marineregions.org/feed.ttl
HTTP 200, Content-Type: 'text/turtle; charset=UTF-8;', format: turtle
Successfully parsed 120 triple(s)
</system-out>
		</testcase>
		<testcase name="ldes_event_stream [https://marineregions.org/feed.ttl]" classname="marine_regions" time="7.009506225585938e-05">
			<system-out>Found 1 ldes:EventStream declaration(s)
  EventStream: https://www.marineregions.org/feed
</system-out>
		</testcase>
		<testcase name="ldes_tree_view [https://marineregions.org/feed.ttl]" classname="marine_regions" time="2.2411346435546875e-05">
			<system-out>Found 1 tree:view relation(s)
  tree:view: https://www.marineregions.org/feed.ttl?page=2026-03-07T20%3A00%3A00Z%2F2026-03-07T21%3A00%3A00Z
</system-out>
		</testcase>
		<testcase name="ldes_min_members [https://marineregions.org/feed.ttl]" classname="marine_regions" time="6.985664367675781e-05">
			<system-out>Traversing LDES feed from: https://marineregions.org/feed.ttl
Fetching LDES fragment: https://www.marineregions.org/feed.ttl?page=2026-03-07T20%3A00%3A00Z%2F2026-03-07T21%3A00%3A00Z
HTTP 200, Content-Type: 'text/turtle; charset=UTF-8;', format: turtle
Fetching LDES fragment: https://www.marineregions.org/feed.ttl?page=2026-03-07T19%3A00%3A00Z%2F2026-03-07T20%3A00%3A00Z
HTTP 200, Content-Type: 'text/turtle; charset=UTF-8;', format: turtle
Fetching LDES fragment: https://www.marineregions.org/feed.ttl?page=2026-03-07T18%3A00%3A00Z%2F2026-03-07T19%3A00%3A00Z
HTTP 200, Content-Type: 'text/turtle; charset=UTF-8;', format: turtle
Fetching LDES fragment: https://www.marineregions.org/feed.ttl?page=2026-03-07T16%3A00%3A00Z%2F2026-03-07T17%3A00%3A00Z
HTTP 200, Content-Type: 'text/turtle; charset=UTF-8;', format: turtle
Fetching LDES fragment: https://www.marineregions.org/feed.ttl?page=2026-03-07T15%3A00%3A00Z%2F2026-03-07T16%3A00%3A00Z
HTTP 200, Content-Type: 'text/turtle; charset=UTF-8;', format: turtle
Traversal complete: 6 fragment(s) fetched, 884 total triple(s)
Found 23 tree:member(s) across 6 traversed fragment(s); required minimum: 20
</system-out>
		</testcase>
		<testcase name="ldes_min_fragments [https://marineregions.org/feed.ttl]" classname="marine_regions" time="2.384185791015625e-05">
			<system-out>Traversing LDES feed from: https://marineregions.org/feed.ttl
Fetching LDES fragment: https://www.marineregions.org/feed.ttl?page=2026-03-07T20%3A00%3A00Z%2F2026-03-07T21%3A00%3A00Z
HTTP 200, Content-Type: 'text/turtle; charset=UTF-8;', format: turtle
Fetching LDES fragment: https://www.marineregions.org/feed.ttl?page=2026-03-07T19%3A00%3A00Z%2F2026-03-07T20%3A00%3A00Z
HTTP 200, Content-Type: 'text/turtle; charset=UTF-8;', format: turtle
Fetching LDES fragment: https://www.marineregions.org/feed.ttl?page=2026-03-07T18%3A00%3A00Z%2F2026-03-07T19%3A00%3A00Z
HTTP 200, Content-Type: 'text/turtle; charset=UTF-8;', format: turtle
Fetching LDES fragment: https://www.marineregions.org/feed.ttl?page=2026-03-07T16%3A00%3A00Z%2F2026-03-07T17%3A00%3A00Z
HTTP 200, Content-Type: 'text/turtle; charset=UTF-8;', format: turtle
Fetching LDES fragment: https://www.marineregions.org/feed.ttl?page=2026-03-07T15%3A00%3A00Z%2F2026-03-07T16%3A00%3A00Z
HTTP 200, Content-Type: 'text/turtle; charset=UTF-8;', format: turtle
Traversal complete: 6 fragment(s) fetched, 884 total triple(s)
Traversed 6 LDES fragment(s) (following tree:Relation → tree:node links); required minimum: 6
  fragment: https://marineregions.org/feed.ttl
  fragment: https://www.marineregions.org/feed.ttl?page=2026-03-07T15%3A00%3A00Z%2F2026-03-07T16%3A00%3A00Z
  fragment: https://www.marineregions.org/feed.ttl?page=2026-03-07T16%3A00%3A00Z%2F2026-03-07T17%3A00%3A00Z
  fragment: https://www.marineregions.org/feed.ttl?page=2026-03-07T18%3A00%3A00Z%2F2026-03-07T19%3A00%3A00Z
  fragment: https://www.marineregions.org/feed.ttl?page=2026-03-07T19%3A00%3A00Z%2F2026-03-07T20%3A00%3A00Z
  fragment: https://www.marineregions.org/feed.ttl?page=2026-03-07T20%3A00%3A00Z%2F2026-03-07T21%3A00%3A00Z
</system-out>
		</testcase>
		<testcase name="ldes_max_age_youngest_member [https://marineregions.org/feed.ttl]" classname="marine_regions" time="0.0003428459167480469">
			<failure message="Youngest member is 589.15h old, exceeds maximum 24h">The youngest member of the LDES feed at https://marineregions.org/feed.ttl has timestamp 2026-03-07T20:18:09+00:00, which is 589.15 hour(s) old. The maximum allowed age is 24 hour(s).</failure>
			<system-out>Traversing LDES feed from: https://marineregions.org/feed.ttl
Fetching LDES fragment: https://www.marineregions.org/feed.ttl?page=2026-03-07T20%3A00%3A00Z%2F2026-03-07T21%3A00%3A00Z
HTTP 200, Content-Type: 'text/turtle; charset=UTF-8;', format: turtle
Fetching LDES fragment: https://www.marineregions.org/feed.ttl?page=2026-03-07T19%3A00%3A00Z%2F2026-03-07T20%3A00%3A00Z
HTTP 200, Content-Type: 'text/turtle; charset=UTF-8;', format: turtle
Fetching LDES fragment: https://www.marineregions.org/feed.ttl?page=2026-03-07T18%3A00%3A00Z%2F2026-03-07T19%3A00%3A00Z
HTTP 200, Content-Type: 'text/turtle; charset=UTF-8;', format: turtle
Fetching LDES fragment: https://www.marineregions.org/feed.ttl?page=2026-03-07T16%3A00%3A00Z%2F2026-03-07T17%3A00%3A00Z
HTTP 200, Content-Type: 'text/turtle; charset=UTF-8;', format: turtle
Fetching LDES fragment: https://www.marineregions.org/feed.ttl?page=2026-03-07T15%3A00%3A00Z%2F2026-03-07T16%3A00%3A00Z
HTTP 200, Content-Type: 'text/turtle; charset=UTF-8;', format: turtle
Traversal complete: 6 fragment(s) fetched, 884 total triple(s)
Checking age of youngest tree:member across 6 traversed fragment(s) of: https://marineregions.org/feed.ttl
Youngest member timestamp: 2026-03-07T20:18:09+00:00; age: 589.15 hour(s); maximum allowed: 24 hour(s)
</system-out>
			<system-err>Youngest member is too old: 589.15h &gt; 24h
</system-err>
		</testcase>
		<properties>
			<property name="urls" value="https://marineregions.org/feed.ttl"/>
			<property name="provenance" value="https://github.com/vliz-be-opsci/grmp-demo/blob/7c7b776aff4612c8f99b8b54761e9013e2d2e6c0/ldes-validation/tests.yaml"/>
			<property name="min_members" value="20"/>
			<property name="min_fragments" value="6"/>
			<property name="max_age_youngest_member" value="24"/>
			<property name="create-issue" value="false"/>
		</properties>
	</testsuite>
	<testsuite name="marineinfo" timestamp="2026-04-01T09:29:33.720758+00:00" tests="36" errors="0" failures="9" skipped="0" time="9.160082340240479">
		<testcase name="ldes_harvest [https://marineinfo.org/feed/dataset]" classname="marineinfo" time="1.4610157012939453">
			<system-out>Fetching RDF graph from: https://marineinfo.org/feed/dataset
HTTP 200, Content-Type: 'text/turtle; charset=utf-8;', format: turtle
Successfully parsed 208 triple(s)
</system-out>
		</testcase>
		<testcase name="ldes_event_stream [https://marineinfo.org/feed/dataset]" classname="marineinfo" time="6.580352783203125e-05">
			<system-out>Found 1 ldes:EventStream declaration(s)
  EventStream: https://marineinfo.org/feed/dataset
</system-out>
		</testcase>
		<testcase name="ldes_tree_view [https://marineinfo.org/feed/dataset]" classname="marineinfo" time="2.193450927734375e-05">
			<system-out>Found 1 tree:view relation(s)
  tree:view: https://marineinfo.org/feed/dataset?fragment=2026-04-01T08%3A00%3A00Z%2F2026-04-01T09%3A00%3A00Z
</system-out>
		</testcase>
		<testcase name="ldes_min_members [https://marineinfo.org/feed/dataset]" classname="marineinfo" time="0.0023772716522216797">
			<system-out>Traversing LDES feed from: https://marineinfo.org/feed/dataset
Fetching LDES fragment: https://marineinfo.org/feed/dataset?fragment=2026-04-01T08%3A00%3A00Z%2F2026-04-01T09%3A00%3A00Z
HTTP 200, Content-Type: 'text/turtle; charset=utf-8;', format: turtle
Fetching LDES fragment: https://marineinfo.org/feed/dataset?fragment=2026-03-31T23%3A00%3A00Z%2F2026-04-01T00%3A00%3A00Z
HTTP 200, Content-Type: 'text/turtle; charset=utf-8;', format: turtle
Fetching LDES fragment: https://marineinfo.org/feed/dataset?fragment=2026-03-31T16%3A00%3A00Z%2F2026-03-31T17%3A00%3A00Z
HTTP 200, Content-Type: 'text/turtle; charset=utf-8;', format: turtle
Fetching LDES fragment: https://marineinfo.org/feed/dataset?fragment=2026-03-31T12%3A00%3A00Z%2F2026-03-31T13%3A00%3A00Z
HTTP 200, Content-Type: 'text/turtle; charset=utf-8;', format: turtle
Fetching LDES fragment: https://marineinfo.org/feed/dataset?fragment=2026-03-31T11%3A00%3A00Z%2F2026-03-31T12%3A00%3A00Z
HTTP 200, Content-Type: 'text/turtle; charset=utf-8;', format: turtle
Fetching LDES fragment: https://marineinfo.org/feed/dataset?fragment=2026-03-31T10%3A00%3A00Z%2F2026-03-31T11%3A00%3A00Z
HTTP 200, Content-Type: 'text/turtle; charset=utf-8;', format: turtle
Fetching LDES fragment: https://marineinfo.org/feed/dataset?fragment=2026-03-31T09%3A00%3A00Z%2F2026-03-31T10%3A00%3A00Z
HTTP 200, Content-Type: 'text/turtle; charset=utf-8;', format: turtle
Fetching LDES fragment: https://marineinfo.org/feed/dataset?fragment=2026-03-31T07%3A00%3A00Z%2F2026-03-31T08%3A00%3A00Z
HTTP 200, Content-Type: 'text/turtle; charset=utf-8;', format: turtle
Fetching LDES fragment: https://marineinfo.org/feed/dataset?fragment=2026-03-31T01%3A00%3A00Z%2F2026-03-31T02%3A00%3A00Z
HTTP 200, Content-Type: 'text/turtle; charset=utf-8;', format: turtle
Traversal complete: 10 fragment(s) fetched, 15346 total triple(s)
Found 2110 tree:member(s) across 10 traversed fragment(s); required minimum: 20
</system-out>
		</testcase>
		<testcase name="ldes_min_fragments [https://marineinfo.org/feed/dataset]" classname="marineinfo" time="2.8133392333984375e-05">
			<system-out>Traversing LDES feed from: https://marineinfo.org/feed/dataset
Fetching LDES fragment: https://marineinfo.org/feed/dataset?fragment=2026-04-01T08%3A00%3A00Z%2F2026-04-01T09%3A00%3A00Z
HTTP 200, Content-Type: 'text/turtle; charset=utf-8;', format: turtle
Fetching LDES fragment: https://marineinfo.org/feed/dataset?fragment=2026-03-31T23%3A00%3A00Z%2F2026-04-01T00%3A00%3A00Z
HTTP 200, Content-Type: 'text/turtle; charset=utf-8;', format: turtle
Fetching LDES fragment: https://marineinfo.org/feed/dataset?fragment=2026-03-31T16%3A00%3A00Z%2F2026-03-31T17%3A00%3A00Z
HTTP 200, Content-Type: 'text/turtle; charset=utf-8;', format: turtle
Fetching LDES fragment: https://marineinfo.org/feed/dataset?fragment=2026-03-31T12%3A00%3A00Z%2F2026-03-31T13%3A00%3A00Z
HTTP 200, Content-Type: 'text/turtle; charset=utf-8;', format: turtle
Fetching LDES fragment: https://marineinfo.org/feed/dataset?fragment=2026-03-31T11%3A00%3A00Z%2F2026-03-31T12%3A00%3A00Z
HTTP 200, Content-Type: 'text/turtle; charset=utf-8;', format: turtle
Fetching LDES fragment: https://marineinfo.org/feed/dataset?fragment=2026-03-31T10%3A00%3A00Z%2F2026-03-31T11%3A00%3A00Z
HTTP 200, Content-Type: 'text/turtle; charset=utf-8;', format: turtle
Fetching LDES fragment: https://marineinfo.org/feed/dataset?fragment=2026-03-31T09%3A00%3A00Z%2F2026-03-31T10%3A00%3A00Z
HTTP 200, Content-Type: 'text/turtle; charset=utf-8;', format: turtle
Fetching LDES fragment: https://marineinfo.org/feed/dataset?fragment=2026-03-31T07%3A00%3A00Z%2F2026-03-31T08%3A00%3A00Z
HTTP 200, Content-Type: 'text/turtle; charset=utf-8;', format: turtle
Fetching LDES fragment: https://marineinfo.org/feed/dataset?fragment=2026-03-31T01%3A00%3A00Z%2F2026-03-31T02%3A00%3A00Z
HTTP 200, Content-Type: 'text/turtle; charset=utf-8;', format: turtle
Traversal complete: 10 fragment(s) fetched, 15346 total triple(s)
Traversed 10 LDES fragment(s) (following tree:Relation → tree:node links); required minimum: 10
  fragment: https://marineinfo.org/feed/dataset
  fragment: https://marineinfo.org/feed/dataset?fragment=2026-03-31T01%3A00%3A00Z%2F2026-03-31T02%3A00%3A00Z
  fragment: https://marineinfo.org/feed/dataset?fragment=2026-03-31T07%3A00%3A00Z%2F2026-03-31T08%3A00%3A00Z
  fragment: https://marineinfo.org/feed/dataset?fragment=2026-03-31T09%3A00%3A00Z%2F2026-03-31T10%3A00%3A00Z
  fragment: https://marineinfo.org/feed/dataset?fragment=2026-03-31T10%3A00%3A00Z%2F2026-03-31T11%3A00%3A00Z
  fragment: https://marineinfo.org/feed/dataset?fragment=2026-03-31T11%3A00%3A00Z%2F2026-03-31T12%3A00%3A00Z
  fragment: https://marineinfo.org/feed/dataset?fragment=2026-03-31T12%3A00%3A00Z%2F2026-03-31T13%3A00%3A00Z
  fragment: https://marineinfo.org/feed/dataset?fragment=2026-03-31T16%3A00%3A00Z%2F2026-03-31T17%3A00%3A00Z
  fragment: https://marineinfo.org/feed/dataset?fragment=2026-03-31T23%3A00%3A00Z%2F2026-04-01T00%3A00%3A00Z
  fragment: https://marineinfo.org/feed/dataset?fragment=2026-04-01T08%3A00%3A00Z%2F2026-04-01T09%3A00%3A00Z
</system-out>
		</testcase>
		<testcase name="ldes_max_age_youngest_member [https://marineinfo.org/feed/dataset]" classname="marineinfo" time="0.01768946647644043">
			<failure message="No timestamp found on any tree:member">The LDES feed at https://marineinfo.org/feed/dataset contains no members with a recognisable timestamp (checked dcterms:modified, dcterms:created, prov:generatedAtTime, schema:dateModified)</failure>
			<system-out>Traversing LDES feed from: https://marineinfo.org/feed/dataset
Fetching LDES fragment: https://marineinfo.org/feed/dataset?fragment=2026-04-01T08%3A00%3A00Z%2F2026-04-01T09%3A00%3A00Z
HTTP 200, Content-Type: 'text/turtle; charset=utf-8;', format: turtle
Fetching LDES fragment: https://marineinfo.org/feed/dataset?fragment=2026-03-31T23%3A00%3A00Z%2F2026-04-01T00%3A00%3A00Z
HTTP 200, Content-Type: 'text/turtle; charset=utf-8;', format: turtle
Fetching LDES fragment: https://marineinfo.org/feed/dataset?fragment=2026-03-31T16%3A00%3A00Z%2F2026-03-31T17%3A00%3A00Z
HTTP 200, Content-Type: 'text/turtle; charset=utf-8;', format: turtle
Fetching LDES fragment: https://marineinfo.org/feed/dataset?fragment=2026-03-31T12%3A00%3A00Z%2F2026-03-31T13%3A00%3A00Z
HTTP 200, Content-Type: 'text/turtle; charset=utf-8;', format: turtle
Fetching LDES fragment: https://marineinfo.org/feed/dataset?fragment=2026-03-31T11%3A00%3A00Z%2F2026-03-31T12%3A00%3A00Z
HTTP 200, Content-Type: 'text/turtle; charset=utf-8;', format: turtle
Fetching LDES fragment: https://marineinfo.org/feed/dataset?fragment=2026-03-31T10%3A00%3A00Z%2F2026-03-31T11%3A00%3A00Z
HTTP 200, Content-Type: 'text/turtle; charset=utf-8;', format: turtle
Fetching LDES fragment: https://marineinfo.org/feed/dataset?fragment=2026-03-31T09%3A00%3A00Z%2F2026-03-31T10%3A00%3A00Z
HTTP 200, Content-Type: 'text/turtle; charset=utf-8;', format: turtle
Fetching LDES fragment: https://marineinfo.org/feed/dataset?fragment=2026-03-31T07%3A00%3A00Z%2F2026-03-31T08%3A00%3A00Z
HTTP 200, Content-Type: 'text/turtle; charset=utf-8;', format: turtle
Fetching LDES fragment: https://marineinfo.org/feed/dataset?fragment=2026-03-31T01%3A00%3A00Z%2F2026-03-31T02%3A00%3A00Z
HTTP 200, Content-Type: 'text/turtle; charset=utf-8;', format: turtle
Traversal complete: 10 fragment(s) fetched, 15346 total triple(s)
Checking age of youngest tree:member across 10 traversed fragment(s) of: https://marineinfo.org/feed/dataset
</system-out>
			<system-err>No timestamp found on any tree:member (checked 4 predicate(s))
</system-err>
		</testcase>
		<testcase name="ldes_harvest [https://marineinfo.org/feed/publication]" classname="marineinfo" time="1.2170827388763428">
			<system-out>Fetching RDF graph from: https://marineinfo.org/feed/publication
HTTP 200, Content-Type: 'text/turtle; charset=utf-8;', format: turtle
Successfully parsed 259 triple(s)
</system-out>
		</testcase>
		<testcase name="ldes_event_stream [https://marineinfo.org/feed/publication]" classname="marineinfo" time="5.6743621826171875e-05">
			<system-out>Found 1 ldes:EventStream declaration(s)
  EventStream: https://marineinfo.org/feed/publication
</system-out>
		</testcase>
		<testcase name="ldes_tree_view [https://marineinfo.org/feed/publication]" classname="marineinfo" time="2.1219253540039062e-05">
			<system-out>Found 1 tree:view relation(s)
  tree:view: https://marineinfo.org/feed/publication?fragment=2026-04-01T09%3A00%3A00Z%2F2026-04-01T10%3A00%3A00Z
</system-out>
		</testcase>
		<testcase name="ldes_min_members [https://marineinfo.org/feed/publication]" classname="marineinfo" time="0.00020432472229003906">
			<system-out>Traversing LDES feed from: https://marineinfo.org/feed/publication
Fetching LDES fragment: https://marineinfo.org/feed/publication?fragment=2026-04-01T09%3A00%3A00Z%2F2026-04-01T10%3A00%3A00Z
HTTP 200, Content-Type: 'text/turtle; charset=utf-8;', format: turtle
Fetching LDES fragment: https://marineinfo.org/feed/publication?fragment=2026-04-01T08%3A00%3A00Z%2F2026-04-01T09%3A00%3A00Z
HTTP 200, Content-Type: 'text/turtle; charset=utf-8;', format: turtle
Fetching LDES fragment: https://marineinfo.org/feed/publication?fragment=2026-04-01T07%3A00%3A00Z%2F2026-04-01T08%3A00%3A00Z
HTTP 200, Content-Type: 'text/turtle; charset=utf-8;', format: turtle
Fetching LDES fragment: https://marineinfo.org/feed/publication?fragment=2026-04-01T06%3A00%3A00Z%2F2026-04-01T07%3A00%3A00Z
HTTP 200, Content-Type: 'text/turtle; charset=utf-8;', format: turtle
Fetching LDES fragment: https://marineinfo.org/feed/publication?fragment=2026-04-01T05%3A00%3A00Z%2F2026-04-01T06%3A00%3A00Z
HTTP 200, Content-Type: 'text/turtle; charset=utf-8;', format: turtle
Fetching LDES fragment: https://marineinfo.org/feed/publication?fragment=2026-03-31T23%3A00%3A00Z%2F2026-04-01T00%3A00%3A00Z
Traversal complete: 6 fragment(s) fetched, 1840 total triple(s)
Found 89 tree:member(s) across 6 traversed fragment(s); required minimum: 20
</system-out>
			<system-err>Could not fetch fragment https://marineinfo.org/feed/publication?fragment=2026-03-31T23%3A00%3A00Z%2F2026-04-01T00%3A00%3A00Z: HTTPSConnectionPool(host='marineinfo.org', port=443): Read timed out. (read timeout=60)
Warning: could not fetch fragment https://marineinfo.org/feed/publication?fragment=2026-03-31T23%3A00%3A00Z%2F2026-04-01T00%3A00%3A00Z: HTTPSConnectionPool(host='marineinfo.org', port=443): Read timed out. (read timeout=60)
</system-err>
		</testcase>
		<testcase name="ldes_min_fragments [https://marineinfo.org/feed/publication]" classname="marineinfo" time="1.8358230590820312e-05">
			<failure message="Insufficient fragments: traversed 6, expected at least 10">The LDES feed at https://marineinfo.org/feed/publication yielded only 6 traversed fragment(s) (following tree:Relation → tree:node links), but at least 10 are required</failure>
			<system-out>Traversing LDES feed from: https://marineinfo.org/feed/publication
Fetching LDES fragment: https://marineinfo.org/feed/publication?fragment=2026-04-01T09%3A00%3A00Z%2F2026-04-01T10%3A00%3A00Z
HTTP 200, Content-Type: 'text/turtle; charset=utf-8;', format: turtle
Fetching LDES fragment: https://marineinfo.org/feed/publication?fragment=2026-04-01T08%3A00%3A00Z%2F2026-04-01T09%3A00%3A00Z
HTTP 200, Content-Type: 'text/turtle; charset=utf-8;', format: turtle
Fetching LDES fragment: https://marineinfo.org/feed/publication?fragment=2026-04-01T07%3A00%3A00Z%2F2026-04-01T08%3A00%3A00Z
HTTP 200, Content-Type: 'text/turtle; charset=utf-8;', format: turtle
Fetching LDES fragment: https://marineinfo.org/feed/publication?fragment=2026-04-01T06%3A00%3A00Z%2F2026-04-01T07%3A00%3A00Z
HTTP 200, Content-Type: 'text/turtle; charset=utf-8;', format: turtle
Fetching LDES fragment: https://marineinfo.org/feed/publication?fragment=2026-04-01T05%3A00%3A00Z%2F2026-04-01T06%3A00%3A00Z
HTTP 200, Content-Type: 'text/turtle; charset=utf-8;', format: turtle
Fetching LDES fragment: https://marineinfo.org/feed/publication?fragment=2026-03-31T23%3A00%3A00Z%2F2026-04-01T00%3A00%3A00Z
Traversal complete: 6 fragment(s) fetched, 1840 total triple(s)
Traversed 6 LDES fragment(s) (following tree:Relation → tree:node links); required minimum: 10
  fragment: https://marineinfo.org/feed/publication
  fragment: https://marineinfo.org/feed/publication?fragment=2026-04-01T05%3A00%3A00Z%2F2026-04-01T06%3A00%3A00Z
  fragment: https://marineinfo.org/feed/publication?fragment=2026-04-01T06%3A00%3A00Z%2F2026-04-01T07%3A00%3A00Z
  fragment: https://marineinfo.org/feed/publication?fragment=2026-04-01T07%3A00%3A00Z%2F2026-04-01T08%3A00%3A00Z
  fragment: https://marineinfo.org/feed/publication?fragment=2026-04-01T08%3A00%3A00Z%2F2026-04-01T09%3A00%3A00Z
  fragment: https://marineinfo.org/feed/publication?fragment=2026-04-01T09%3A00%3A00Z%2F2026-04-01T10%3A00%3A00Z
</system-out>
			<system-err>Could not fetch fragment https://marineinfo.org/feed/publication?fragment=2026-03-31T23%3A00%3A00Z%2F2026-04-01T00%3A00%3A00Z: HTTPSConnectionPool(host='marineinfo.org', port=443): Read timed out. (read timeout=60)
Warning: could not fetch fragment https://marineinfo.org/feed/publication?fragment=2026-03-31T23%3A00%3A00Z%2F2026-04-01T00%3A00%3A00Z: HTTPSConnectionPool(host='marineinfo.org', port=443): Read timed out. (read timeout=60)
Insufficient fragments: 6 &lt; 10
</system-err>
		</testcase>
		<testcase name="ldes_max_age_youngest_member [https://marineinfo.org/feed/publication]" classname="marineinfo" time="0.0009353160858154297">
			<failure message="No timestamp found on any tree:member">The LDES feed at https://marineinfo.org/feed/publication contains no members with a recognisable timestamp (checked dcterms:modified, dcterms:created, prov:generatedAtTime, schema:dateModified)</failure>
			<system-out>Traversing LDES feed from: https://marineinfo.org/feed/publication
Fetching LDES fragment: https://marineinfo.org/feed/publication?fragment=2026-04-01T09%3A00%3A00Z%2F2026-04-01T10%3A00%3A00Z
HTTP 200, Content-Type: 'text/turtle; charset=utf-8;', format: turtle
Fetching LDES fragment: https://marineinfo.org/feed/publication?fragment=2026-04-01T08%3A00%3A00Z%2F2026-04-01T09%3A00%3A00Z
HTTP 200, Content-Type: 'text/turtle; charset=utf-8;', format: turtle
Fetching LDES fragment: https://marineinfo.org/feed/publication?fragment=2026-04-01T07%3A00%3A00Z%2F2026-04-01T08%3A00%3A00Z
HTTP 200, Content-Type: 'text/turtle; charset=utf-8;', format: turtle
Fetching LDES fragment: https://marineinfo.org/feed/publication?fragment=2026-04-01T06%3A00%3A00Z%2F2026-04-01T07%3A00%3A00Z
HTTP 200, Content-Type: 'text/turtle; charset=utf-8;', format: turtle
Fetching LDES fragment: https://marineinfo.org/feed/publication?fragment=2026-04-01T05%3A00%3A00Z%2F2026-04-01T06%3A00%3A00Z
HTTP 200, Content-Type: 'text/turtle; charset=utf-8;', format: turtle
Fetching LDES fragment: https://marineinfo.org/feed/publication?fragment=2026-03-31T23%3A00%3A00Z%2F2026-04-01T00%3A00%3A00Z
Traversal complete: 6 fragment(s) fetched, 1840 total triple(s)
Checking age of youngest tree:member across 6 traversed fragment(s) of: https://marineinfo.org/feed/publication
</system-out>
			<system-err>Could not fetch fragment https://marineinfo.org/feed/publication?fragment=2026-03-31T23%3A00%3A00Z%2F2026-04-01T00%3A00%3A00Z: HTTPSConnectionPool(host='marineinfo.org', port=443): Read timed out. (read timeout=60)
Warning: could not fetch fragment https://marineinfo.org/feed/publication?fragment=2026-03-31T23%3A00%3A00Z%2F2026-04-01T00%3A00%3A00Z: HTTPSConnectionPool(host='marineinfo.org', port=443): Read timed out. (read timeout=60)
No timestamp found on any tree:member (checked 4 predicate(s))
</system-err>
		</testcase>
		<testcase name="ldes_harvest [https://marineinfo.org/feed/institute]" classname="marineinfo" time="2.1927847862243652">
			<system-out>Fetching RDF graph from: https://marineinfo.org/feed/institute
HTTP 200, Content-Type: 'text/turtle; charset=utf-8;', format: turtle
Successfully parsed 3189 triple(s)
</system-out>
		</testcase>
		<testcase name="ldes_event_stream [https://marineinfo.org/feed/institute]" classname="marineinfo" time="4.00543212890625e-05">
			<system-out>Found 1 ldes:EventStream declaration(s)
  EventStream: https://marineinfo.org/feed/institute
</system-out>
		</testcase>
		<testcase name="ldes_tree_view [https://marineinfo.org/feed/institute]" classname="marineinfo" time="1.8835067749023438e-05">
			<system-out>Found 1 tree:view relation(s)
  tree:view: https://marineinfo.org/feed/institute?fragment=2026-03-26T21%3A00%3A00Z%2F2026-03-26T22%3A00%3A00Z
</system-out>
		</testcase>
		<testcase name="ldes_min_members [https://marineinfo.org/feed/institute]" classname="marineinfo" time="0.0005638599395751953">
			<system-out>Traversing LDES feed from: https://marineinfo.org/feed/institute
Fetching LDES fragment: https://marineinfo.org/feed/institute?fragment=2026-03-26T21%3A00%3A00Z%2F2026-03-26T22%3A00%3A00Z
HTTP 200, Content-Type: 'text/turtle; charset=utf-8;', format: turtle
Fetching LDES fragment: https://marineinfo.org/feed/institute?fragment=2026-03-24T11%3A00%3A00Z%2F2026-03-24T12%3A00%3A00Z
HTTP 200, Content-Type: 'text/turtle; charset=utf-8;', format: turtle
Fetching LDES fragment: https://marineinfo.org/feed/institute?fragment=2026-03-18T09%3A00%3A00Z%2F2026-03-18T10%3A00%3A00Z
HTTP 200, Content-Type: 'text/turtle; charset=utf-8;', format: turtle
Fetching LDES fragment: https://marineinfo.org/feed/institute?fragment=2026-03-16T10%3A00%3A00Z%2F2026-03-16T11%3A00%3A00Z
HTTP 200, Content-Type: 'text/turtle; charset=utf-8;', format: turtle
Fetching LDES fragment: https://marineinfo.org/feed/institute?fragment=2026-03-13T10%3A00%3A00Z%2F2026-03-13T11%3A00%3A00Z
HTTP 200, Content-Type: 'text/turtle; charset=utf-8;', format: turtle
Fetching LDES fragment: https://marineinfo.org/feed/institute?fragment=2026-03-13T08%3A00%3A00Z%2F2026-03-13T09%3A00%3A00Z
HTTP 200, Content-Type: 'text/turtle; charset=utf-8;', format: turtle
Fetching LDES fragment: https://marineinfo.org/feed/institute?fragment=2026-03-09T10%3A00%3A00Z%2F2026-03-09T11%3A00%3A00Z
HTTP 200, Content-Type: 'text/turtle; charset=utf-8;', format: turtle
Fetching LDES fragment: https://marineinfo.org/feed/institute?fragment=2026-03-06T18%3A00%3A00Z%2F2026-03-06T19%3A00%3A00Z
HTTP 200, Content-Type: 'text/turtle; charset=utf-8;', format: turtle
Fetching LDES fragment: https://marineinfo.org/feed/institute?fragment=2026-03-05T14%3A00%3A00Z%2F2026-03-05T15%3A00%3A00Z
HTTP 200, Content-Type: 'text/turtle; charset=utf-8;', format: turtle
Traversal complete: 10 fragment(s) fetched, 4911 total triple(s)
Found 493 tree:member(s) across 10 traversed fragment(s); required minimum: 20
</system-out>
		</testcase>
		<testcase name="ldes_min_fragments [https://marineinfo.org/feed/institute]" classname="marineinfo" time="1.52587890625e-05">
			<system-out>Traversing LDES feed from: https://marineinfo.org/feed/institute
Fetching LDES fragment: https://marineinfo.org/feed/institute?fragment=2026-03-26T21%3A00%3A00Z%2F2026-03-26T22%3A00%3A00Z
HTTP 200, Content-Type: 'text/turtle; charset=utf-8;', format: turtle
Fetching LDES fragment: https://marineinfo.org/feed/institute?fragment=2026-03-24T11%3A00%3A00Z%2F2026-03-24T12%3A00%3A00Z
HTTP 200, Content-Type: 'text/turtle; charset=utf-8;', format: turtle
Fetching LDES fragment: https://marineinfo.org/feed/institute?fragment=2026-03-18T09%3A00%3A00Z%2F2026-03-18T10%3A00%3A00Z
HTTP 200, Content-Type: 'text/turtle; charset=utf-8;', format: turtle
Fetching LDES fragment: https://marineinfo.org/feed/institute?fragment=2026-03-16T10%3A00%3A00Z%2F2026-03-16T11%3A00%3A00Z
HTTP 200, Content-Type: 'text/turtle; charset=utf-8;', format: turtle
Fetching LDES fragment: https://marineinfo.org/feed/institute?fragment=2026-03-13T10%3A00%3A00Z%2F2026-03-13T11%3A00%3A00Z
HTTP 200, Content-Type: 'text/turtle; charset=utf-8;', format: turtle
Fetching LDES fragment: https://marineinfo.org/feed/institute?fragment=2026-03-13T08%3A00%3A00Z%2F2026-03-13T09%3A00%3A00Z
HTTP 200, Content-Type: 'text/turtle; charset=utf-8;', format: turtle
Fetching LDES fragment: https://marineinfo.org/feed/institute?fragment=2026-03-09T10%3A00%3A00Z%2F2026-03-09T11%3A00%3A00Z
HTTP 200, Content-Type: 'text/turtle; charset=utf-8;', format: turtle
Fetching LDES fragment: https://marineinfo.org/feed/institute?fragment=2026-03-06T18%3A00%3A00Z%2F2026-03-06T19%3A00%3A00Z
HTTP 200, Content-Type: 'text/turtle; charset=utf-8;', format: turtle
Fetching LDES fragment: https://marineinfo.org/feed/institute?fragment=2026-03-05T14%3A00%3A00Z%2F2026-03-05T15%3A00%3A00Z
HTTP 200, Content-Type: 'text/turtle; charset=utf-8;', format: turtle
Traversal complete: 10 fragment(s) fetched, 4911 total triple(s)
Traversed 10 LDES fragment(s) (following tree:Relation → tree:node links); required minimum: 10
  fragment: https://marineinfo.org/feed/institute
  fragment: https://marineinfo.org/feed/institute?fragment=2026-03-05T14%3A00%3A00Z%2F2026-03-05T15%3A00%3A00Z
  fragment: https://marineinfo.org/feed/institute?fragment=2026-03-06T18%3A00%3A00Z%2F2026-03-06T19%3A00%3A00Z
  fragment: https://marineinfo.org/feed/institute?fragment=2026-03-09T10%3A00%3A00Z%2F2026-03-09T11%3A00%3A00Z
  fragment: https://marineinfo.org/feed/institute?fragment=2026-03-13T08%3A00%3A00Z%2F2026-03-13T09%3A00%3A00Z
  fragment: https://marineinfo.org/feed/institute?fragment=2026-03-13T10%3A00%3A00Z%2F2026-03-13T11%3A00%3A00Z
  fragment: https://marineinfo.org/feed/institute?fragment=2026-03-16T10%3A00%3A00Z%2F2026-03-16T11%3A00%3A00Z
  fragment: https://marineinfo.org/feed/institute?fragment=2026-03-18T09%3A00%3A00Z%2F2026-03-18T10%3A00%3A00Z
  fragment: https://marineinfo.org/feed/institute?fragment=2026-03-24T11%3A00%3A00Z%2F2026-03-24T12%3A00%3A00Z
  fragment: https://marineinfo.org/feed/institute?fragment=2026-03-26T21%3A00%3A00Z%2F2026-03-26T22%3A00%3A00Z
</system-out>
		</testcase>
		<testcase name="ldes_max_age_youngest_member [https://marineinfo.org/feed/institute]" classname="marineinfo" time="0.0041010379791259766">
			<failure message="No timestamp found on any tree:member">The LDES feed at https://marineinfo.org/feed/institute contains no members with a recognisable timestamp (checked dcterms:modified, dcterms:created, prov:generatedAtTime, schema:dateModified)</failure>
			<system-out>Traversing LDES feed from: https://marineinfo.org/feed/institute
Fetching LDES fragment: https://marineinfo.org/feed/institute?fragment=2026-03-26T21%3A00%3A00Z%2F2026-03-26T22%3A00%3A00Z
HTTP 200, Content-Type: 'text/turtle; charset=utf-8;', format: turtle
Fetching LDES fragment: https://marineinfo.org/feed/institute?fragment=2026-03-24T11%3A00%3A00Z%2F2026-03-24T12%3A00%3A00Z
HTTP 200, Content-Type: 'text/turtle; charset=utf-8;', format: turtle
Fetching LDES fragment: https://marineinfo.org/feed/institute?fragment=2026-03-18T09%3A00%3A00Z%2F2026-03-18T10%3A00%3A00Z
HTTP 200, Content-Type: 'text/turtle; charset=utf-8;', format: turtle
Fetching LDES fragment: https://marineinfo.org/feed/institute?fragment=2026-03-16T10%3A00%3A00Z%2F2026-03-16T11%3A00%3A00Z
HTTP 200, Content-Type: 'text/turtle; charset=utf-8;', format: turtle
Fetching LDES fragment: https://marineinfo.org/feed/institute?fragment=2026-03-13T10%3A00%3A00Z%2F2026-03-13T11%3A00%3A00Z
HTTP 200, Content-Type: 'text/turtle; charset=utf-8;', format: turtle
Fetching LDES fragment: https://marineinfo.org/feed/institute?fragment=2026-03-13T08%3A00%3A00Z%2F2026-03-13T09%3A00%3A00Z
HTTP 200, Content-Type: 'text/turtle; charset=utf-8;', format: turtle
Fetching LDES fragment: https://marineinfo.org/feed/institute?fragment=2026-03-09T10%3A00%3A00Z%2F2026-03-09T11%3A00%3A00Z
HTTP 200, Content-Type: 'text/turtle; charset=utf-8;', format: turtle
Fetching LDES fragment: https://marineinfo.org/feed/institute?fragment=2026-03-06T18%3A00%3A00Z%2F2026-03-06T19%3A00%3A00Z
HTTP 200, Content-Type: 'text/turtle; charset=utf-8;', format: turtle
Fetching LDES fragment: https://marineinfo.org/feed/institute?fragment=2026-03-05T14%3A00%3A00Z%2F2026-03-05T15%3A00%3A00Z
HTTP 200, Content-Type: 'text/turtle; charset=utf-8;', format: turtle
Traversal complete: 10 fragment(s) fetched, 4911 total triple(s)
Checking age of youngest tree:member across 10 traversed fragment(s) of: https://marineinfo.org/feed/institute
</system-out>
			<system-err>No timestamp found on any tree:member (checked 4 predicate(s))
</system-err>
		</testcase>
		<testcase name="ldes_harvest [https://marineinfo.org/feed/person]" classname="marineinfo" time="1.8571081161499023">
			<system-out>Fetching RDF graph from: https://marineinfo.org/feed/person
HTTP 200, Content-Type: 'text/turtle; charset=utf-8;', format: turtle
Successfully parsed 174 triple(s)
</system-out>
		</testcase>
		<testcase name="ldes_event_stream [https://marineinfo.org/feed/person]" classname="marineinfo" time="3.5762786865234375e-05">
			<system-out>Found 1 ldes:EventStream declaration(s)
  EventStream: https://marineinfo.org/feed/person
</system-out>
		</testcase>
		<testcase name="ldes_tree_view [https://marineinfo.org/feed/person]" classname="marineinfo" time="1.8596649169921875e-05">
			<system-out>Found 1 tree:view relation(s)
  tree:view: https://marineinfo.org/feed/person?fragment=2026-04-01T08%3A00%3A00Z%2F2026-04-01T09%3A00%3A00Z
</system-out>
		</testcase>
		<testcase name="ldes_min_members [https://marineinfo.org/feed/person]" classname="marineinfo" time="0.00016427040100097656">
			<system-out>Traversing LDES feed from: https://marineinfo.org/feed/person
Fetching LDES fragment: https://marineinfo.org/feed/person?fragment=2026-04-01T08%3A00%3A00Z%2F2026-04-01T09%3A00%3A00Z
HTTP 200, Content-Type: 'text/turtle; charset=utf-8;', format: turtle
Fetching LDES fragment: https://marineinfo.org/feed/person?fragment=2026-04-01T07%3A00%3A00Z%2F2026-04-01T08%3A00%3A00Z
HTTP 200, Content-Type: 'text/turtle; charset=utf-8;', format: turtle
Fetching LDES fragment: https://marineinfo.org/feed/person?fragment=2026-04-01T01%3A00%3A00Z%2F2026-04-01T02%3A00%3A00Z
HTTP 200, Content-Type: 'text/turtle; charset=utf-8;', format: turtle
Fetching LDES fragment: https://marineinfo.org/feed/person?fragment=2026-03-31T23%3A00%3A00Z%2F2026-04-01T00%3A00%3A00Z
HTTP 200, Content-Type: 'text/turtle; charset=utf-8;', format: turtle
Fetching LDES fragment: https://marineinfo.org/feed/person?fragment=2026-03-31T14%3A00%3A00Z%2F2026-03-31T15%3A00%3A00Z
HTTP 200, Content-Type: 'text/turtle; charset=utf-8;', format: turtle
Fetching LDES fragment: https://marineinfo.org/feed/person?fragment=2026-03-30T15%3A00%3A00Z%2F2026-03-30T16%3A00%3A00Z
HTTP 200, Content-Type: 'text/turtle; charset=utf-8;', format: turtle
Fetching LDES fragment: https://marineinfo.org/feed/person?fragment=2026-03-30T13%3A00%3A00Z%2F2026-03-30T14%3A00%3A00Z
HTTP 200, Content-Type: 'text/turtle; charset=utf-8;', format: turtle
Fetching LDES fragment: https://marineinfo.org/feed/person?fragment=2026-03-30T12%3A00%3A00Z%2F2026-03-30T13%3A00%3A00Z
HTTP 200, Content-Type: 'text/turtle; charset=utf-8;', format: turtle
Fetching LDES fragment: https://marineinfo.org/feed/person?fragment=2026-03-30T11%3A00%3A00Z%2F2026-03-30T12%3A00%3A00Z
HTTP 200, Content-Type: 'text/turtle; charset=utf-8;', format: turtle
Traversal complete: 10 fragment(s) fetched, 2246 total triple(s)
Found 98 tree:member(s) across 10 traversed fragment(s); required minimum: 20
</system-out>
		</testcase>
		<testcase name="ldes_min_fragments [https://marineinfo.org/feed/person]" classname="marineinfo" time="1.5735626220703125e-05">
			<system-out>Traversing LDES feed from: https://marineinfo.org/feed/person
Fetching LDES fragment: https://marineinfo.org/feed/person?fragment=2026-04-01T08%3A00%3A00Z%2F2026-04-01T09%3A00%3A00Z
HTTP 200, Content-Type: 'text/turtle; charset=utf-8;', format: turtle
Fetching LDES fragment: https://marineinfo.org/feed/person?fragment=2026-04-01T07%3A00%3A00Z%2F2026-04-01T08%3A00%3A00Z
HTTP 200, Content-Type: 'text/turtle; charset=utf-8;', format: turtle
Fetching LDES fragment: https://marineinfo.org/feed/person?fragment=2026-04-01T01%3A00%3A00Z%2F2026-04-01T02%3A00%3A00Z
HTTP 200, Content-Type: 'text/turtle; charset=utf-8;', format: turtle
Fetching LDES fragment: https://marineinfo.org/feed/person?fragment=2026-03-31T23%3A00%3A00Z%2F2026-04-01T00%3A00%3A00Z
HTTP 200, Content-Type: 'text/turtle; charset=utf-8;', format: turtle
Fetching LDES fragment: https://marineinfo.org/feed/person?fragment=2026-03-31T14%3A00%3A00Z%2F2026-03-31T15%3A00%3A00Z
HTTP 200, Content-Type: 'text/turtle; charset=utf-8;', format: turtle
Fetching LDES fragment: https://marineinfo.org/feed/person?fragment=2026-03-30T15%3A00%3A00Z%2F2026-03-30T16%3A00%3A00Z
HTTP 200, Content-Type: 'text/turtle; charset=utf-8;', format: turtle
Fetching LDES fragment: https://marineinfo.org/feed/person?fragment=2026-03-30T13%3A00%3A00Z%2F2026-03-30T14%3A00%3A00Z
HTTP 200, Content-Type: 'text/turtle; charset=utf-8;', format: turtle
Fetching LDES fragment: https://marineinfo.org/feed/person?fragment=2026-03-30T12%3A00%3A00Z%2F2026-03-30T13%3A00%3A00Z
HTTP 200, Content-Type: 'text/turtle; charset=utf-8;', format: turtle
Fetching LDES fragment: https://marineinfo.org/feed/person?fragment=2026-03-30T11%3A00%3A00Z%2F2026-03-30T12%3A00%3A00Z
HTTP 200, Content-Type: 'text/turtle; charset=utf-8;', format: turtle
Traversal complete: 10 fragment(s) fetched, 2246 total triple(s)
Traversed 10 LDES fragment(s) (following tree:Relation → tree:node links); required minimum: 10
  fragment: https://marineinfo.org/feed/person
  fragment: https://marineinfo.org/feed/person?fragment=2026-03-30T11%3A00%3A00Z%2F2026-03-30T12%3A00%3A00Z
  fragment: https://marineinfo.org/feed/person?fragment=2026-03-30T12%3A00%3A00Z%2F2026-03-30T13%3A00%3A00Z
  fragment: https://marineinfo.org/feed/person?fragment=2026-03-30T13%3A00%3A00Z%2F2026-03-30T14%3A00%3A00Z
  fragment: https://marineinfo.org/feed/person?fragment=2026-03-30T15%3A00%3A00Z%2F2026-03-30T16%3A00%3A00Z
  fragment: https://marineinfo.org/feed/person?fragment=2026-03-31T14%3A00%3A00Z%2F2026-03-31T15%3A00%3A00Z
  fragment: https://marineinfo.org/feed/person?fragment=2026-03-31T23%3A00%3A00Z%2F2026-04-01T00%3A00%3A00Z
  fragment: https://marineinfo.org/feed/person?fragment=2026-04-01T01%3A00%3A00Z%2F2026-04-01T02%3A00%3A00Z
  fragment: https://marineinfo.org/feed/person?fragment=2026-04-01T07%3A00%3A00Z%2F2026-04-01T08%3A00%3A00Z
  fragment: https://marineinfo.org/feed/person?fragment=2026-04-01T08%3A00%3A00Z%2F2026-04-01T09%3A00%3A00Z
</system-out>
		</testcase>
		<testcase name="ldes_max_age_youngest_member [https://marineinfo.org/feed/person]" classname="marineinfo" time="0.0009000301361083984">
			<failure message="No timestamp found on any tree:member">The LDES feed at https://marineinfo.org/feed/person contains no members with a recognisable timestamp (checked dcterms:modified, dcterms:created, prov:generatedAtTime, schema:dateModified)</failure>
			<system-out>Traversing LDES feed from: https://marineinfo.org/feed/person
Fetching LDES fragment: https://marineinfo.org/feed/person?fragment=2026-04-01T08%3A00%3A00Z%2F2026-04-01T09%3A00%3A00Z
HTTP 200, Content-Type: 'text/turtle; charset=utf-8;', format: turtle
Fetching LDES fragment: https://marineinfo.org/feed/person?fragment=2026-04-01T07%3A00%3A00Z%2F2026-04-01T08%3A00%3A00Z
HTTP 200, Content-Type: 'text/turtle; charset=utf-8;', format: turtle
Fetching LDES fragment: https://marineinfo.org/feed/person?fragment=2026-04-01T01%3A00%3A00Z%2F2026-04-01T02%3A00%3A00Z
HTTP 200, Content-Type: 'text/turtle; charset=utf-8;', format: turtle
Fetching LDES fragment: https://marineinfo.org/feed/person?fragment=2026-03-31T23%3A00%3A00Z%2F2026-04-01T00%3A00%3A00Z
HTTP 200, Content-Type: 'text/turtle; charset=utf-8;', format: turtle
Fetching LDES fragment: https://marineinfo.org/feed/person?fragment=2026-03-31T14%3A00%3A00Z%2F2026-03-31T15%3A00%3A00Z
HTTP 200, Content-Type: 'text/turtle; charset=utf-8;', format: turtle
Fetching LDES fragment: https://marineinfo.org/feed/person?fragment=2026-03-30T15%3A00%3A00Z%2F2026-03-30T16%3A00%3A00Z
HTTP 200, Content-Type: 'text/turtle; charset=utf-8;', format: turtle
Fetching LDES fragment: https://marineinfo.org/feed/person?fragment=2026-03-30T13%3A00%3A00Z%2F2026-03-30T14%3A00%3A00Z
HTTP 200, Content-Type: 'text/turtle; charset=utf-8;', format: turtle
Fetching LDES fragment: https://marineinfo.org/feed/person?fragment=2026-03-30T12%3A00%3A00Z%2F2026-03-30T13%3A00%3A00Z
HTTP 200, Content-Type: 'text/turtle; charset=utf-8;', format: turtle
Fetching LDES fragment: https://marineinfo.org/feed/person?fragment=2026-03-30T11%3A00%3A00Z%2F2026-03-30T12%3A00%3A00Z
HTTP 200, Content-Type: 'text/turtle; charset=utf-8;', format: turtle
Traversal complete: 10 fragment(s) fetched, 2246 total triple(s)
Checking age of youngest tree:member across 10 traversed fragment(s) of: https://marineinfo.org/feed/person
</system-out>
			<system-err>No timestamp found on any tree:member (checked 4 predicate(s))
</system-err>
		</testcase>
		<testcase name="ldes_harvest [https://marineinfo.org/feed/project]" classname="marineinfo" time="1.141313076019287">
			<system-out>Fetching RDF graph from: https://marineinfo.org/feed/project
HTTP 200, Content-Type: 'text/turtle; charset=utf-8;', format: turtle
Successfully parsed 242 triple(s)
</system-out>
		</testcase>
		<testcase name="ldes_event_stream [https://marineinfo.org/feed/project]" classname="marineinfo" time="3.647804260253906e-05">
			<system-out>Found 1 ldes:EventStream declaration(s)
  EventStream: https://marineinfo.org/feed/project
</system-out>
		</testcase>
		<testcase name="ldes_tree_view [https://marineinfo.org/feed/project]" classname="marineinfo" time="1.9073486328125e-05">
			<system-out>Found 1 tree:view relation(s)
  tree:view: https://marineinfo.org/feed/project?fragment=2026-03-31T23%3A00%3A00Z%2F2026-04-01T00%3A00%3A00Z
</system-out>
		</testcase>
		<testcase name="ldes_min_members [https://marineinfo.org/feed/project]" classname="marineinfo" time="6.103515625e-05">
			<failure message="Insufficient members: found 18, expected at least 20">The event stream at https://marineinfo.org/feed/project exposes only 18 tree:member triple(s) across 10 traversed fragment(s), but at least 20 are required</failure>
			<system-out>Traversing LDES feed from: https://marineinfo.org/feed/project
Fetching LDES fragment: https://marineinfo.org/feed/project?fragment=2026-03-31T23%3A00%3A00Z%2F2026-04-01T00%3A00%3A00Z
HTTP 200, Content-Type: 'text/turtle; charset=utf-8;', format: turtle
Fetching LDES fragment: https://marineinfo.org/feed/project?fragment=2026-03-31T11%3A00%3A00Z%2F2026-03-31T12%3A00%3A00Z
HTTP 200, Content-Type: 'text/turtle; charset=utf-8;', format: turtle
Fetching LDES fragment: https://marineinfo.org/feed/project?fragment=2026-03-30T09%3A00%3A00Z%2F2026-03-30T10%3A00%3A00Z
HTTP 200, Content-Type: 'text/turtle; charset=utf-8;', format: turtle
Fetching LDES fragment: https://marineinfo.org/feed/project?fragment=2026-03-24T10%3A00%3A00Z%2F2026-03-24T11%3A00%3A00Z
HTTP 200, Content-Type: 'text/turtle; charset=utf-8;', format: turtle
Fetching LDES fragment: https://marineinfo.org/feed/project?fragment=2026-03-24T09%3A00%3A00Z%2F2026-03-24T10%3A00%3A00Z
HTTP 200, Content-Type: 'text/turtle; charset=utf-8;', format: turtle
Fetching LDES fragment: https://marineinfo.org/feed/project?fragment=2026-03-23T11%3A00%3A00Z%2F2026-03-23T12%3A00%3A00Z
HTTP 200, Content-Type: 'text/turtle; charset=utf-8;', format: turtle
Fetching LDES fragment: https://marineinfo.org/feed/project?fragment=2026-03-23T10%3A00%3A00Z%2F2026-03-23T11%3A00%3A00Z
HTTP 200, Content-Type: 'text/turtle; charset=utf-8;', format: turtle
Fetching LDES fragment: https://marineinfo.org/feed/project?fragment=2026-03-20T13%3A00%3A00Z%2F2026-03-20T14%3A00%3A00Z
HTTP 200, Content-Type: 'text/turtle; charset=utf-8;', format: turtle
Fetching LDES fragment: https://marineinfo.org/feed/project?fragment=2026-03-18T16%3A00%3A00Z%2F2026-03-18T17%3A00%3A00Z
HTTP 200, Content-Type: 'text/turtle; charset=utf-8;', format: turtle
Traversal complete: 10 fragment(s) fetched, 2185 total triple(s)
Found 18 tree:member(s) across 10 traversed fragment(s); required minimum: 20
</system-out>
			<system-err>Insufficient members: 18 &lt; 20
</system-err>
		</testcase>
		<testcase name="ldes_min_fragments [https://marineinfo.org/feed/project]" classname="marineinfo" time="1.4543533325195312e-05">
			<system-out>Traversing LDES feed from: https://marineinfo.org/feed/project
Fetching LDES fragment: https://marineinfo.org/feed/project?fragment=2026-03-31T23%3A00%3A00Z%2F2026-04-01T00%3A00%3A00Z
HTTP 200, Content-Type: 'text/turtle; charset=utf-8;', format: turtle
Fetching LDES fragment: https://marineinfo.org/feed/project?fragment=2026-03-31T11%3A00%3A00Z%2F2026-03-31T12%3A00%3A00Z
HTTP 200, Content-Type: 'text/turtle; charset=utf-8;', format: turtle
Fetching LDES fragment: https://marineinfo.org/feed/project?fragment=2026-03-30T09%3A00%3A00Z%2F2026-03-30T10%3A00%3A00Z
HTTP 200, Content-Type: 'text/turtle; charset=utf-8;', format: turtle
Fetching LDES fragment: https://marineinfo.org/feed/project?fragment=2026-03-24T10%3A00%3A00Z%2F2026-03-24T11%3A00%3A00Z
HTTP 200, Content-Type: 'text/turtle; charset=utf-8;', format: turtle
Fetching LDES fragment: https://marineinfo.org/feed/project?fragment=2026-03-24T09%3A00%3A00Z%2F2026-03-24T10%3A00%3A00Z
HTTP 200, Content-Type: 'text/turtle; charset=utf-8;', format: turtle
Fetching LDES fragment: https://marineinfo.org/feed/project?fragment=2026-03-23T11%3A00%3A00Z%2F2026-03-23T12%3A00%3A00Z
HTTP 200, Content-Type: 'text/turtle; charset=utf-8;', format: turtle
Fetching LDES fragment: https://marineinfo.org/feed/project?fragment=2026-03-23T10%3A00%3A00Z%2F2026-03-23T11%3A00%3A00Z
HTTP 200, Content-Type: 'text/turtle; charset=utf-8;', format: turtle
Fetching LDES fragment: https://marineinfo.org/feed/project?fragment=2026-03-20T13%3A00%3A00Z%2F2026-03-20T14%3A00%3A00Z
HTTP 200, Content-Type: 'text/turtle; charset=utf-8;', format: turtle
Fetching LDES fragment: https://marineinfo.org/feed/project?fragment=2026-03-18T16%3A00%3A00Z%2F2026-03-18T17%3A00%3A00Z
HTTP 200, Content-Type: 'text/turtle; charset=utf-8;', format: turtle
Traversal complete: 10 fragment(s) fetched, 2185 total triple(s)
Traversed 10 LDES fragment(s) (following tree:Relation → tree:node links); required minimum: 10
  fragment: https://marineinfo.org/feed/project
  fragment: https://marineinfo.org/feed/project?fragment=2026-03-18T16%3A00%3A00Z%2F2026-03-18T17%3A00%3A00Z
  fragment: https://marineinfo.org/feed/project?fragment=2026-03-20T13%3A00%3A00Z%2F2026-03-20T14%3A00%3A00Z
  fragment: https://marineinfo.org/feed/project?fragment=2026-03-23T10%3A00%3A00Z%2F2026-03-23T11%3A00%3A00Z
  fragment: https://marineinfo.org/feed/project?fragment=2026-03-23T11%3A00%3A00Z%2F2026-03-23T12%3A00%3A00Z
  fragment: https://marineinfo.org/feed/project?fragment=2026-03-24T09%3A00%3A00Z%2F2026-03-24T10%3A00%3A00Z
  fragment: https://marineinfo.org/feed/project?fragment=2026-03-24T10%3A00%3A00Z%2F2026-03-24T11%3A00%3A00Z
  fragment: https://marineinfo.org/feed/project?fragment=2026-03-30T09%3A00%3A00Z%2F2026-03-30T10%3A00%3A00Z
  fragment: https://marineinfo.org/feed/project?fragment=2026-03-31T11%3A00%3A00Z%2F2026-03-31T12%3A00%3A00Z
  fragment: https://marineinfo.org/feed/project?fragment=2026-03-31T23%3A00%3A00Z%2F2026-04-01T00%3A00%3A00Z
</system-out>
		</testcase>
		<testcase name="ldes_max_age_youngest_member [https://marineinfo.org/feed/project]" classname="marineinfo" time="0.00017905235290527344">
			<failure message="No timestamp found on any tree:member">The LDES feed at https://marineinfo.org/feed/project contains no members with a recognisable timestamp (checked dcterms:modified, dcterms:created, prov:generatedAtTime, schema:dateModified)</failure>
			<system-out>Traversing LDES feed from: https://marineinfo.org/feed/project
Fetching LDES fragment: https://marineinfo.org/feed/project?fragment=2026-03-31T23%3A00%3A00Z%2F2026-04-01T00%3A00%3A00Z
HTTP 200, Content-Type: 'text/turtle; charset=utf-8;', format: turtle
Fetching LDES fragment: https://marineinfo.org/feed/project?fragment=2026-03-31T11%3A00%3A00Z%2F2026-03-31T12%3A00%3A00Z
HTTP 200, Content-Type: 'text/turtle; charset=utf-8;', format: turtle
Fetching LDES fragment: https://marineinfo.org/feed/project?fragment=2026-03-30T09%3A00%3A00Z%2F2026-03-30T10%3A00%3A00Z
HTTP 200, Content-Type: 'text/turtle; charset=utf-8;', format: turtle
Fetching LDES fragment: https://marineinfo.org/feed/project?fragment=2026-03-24T10%3A00%3A00Z%2F2026-03-24T11%3A00%3A00Z
HTTP 200, Content-Type: 'text/turtle; charset=utf-8;', format: turtle
Fetching LDES fragment: https://marineinfo.org/feed/project?fragment=2026-03-24T09%3A00%3A00Z%2F2026-03-24T10%3A00%3A00Z
HTTP 200, Content-Type: 'text/turtle; charset=utf-8;', format: turtle
Fetching LDES fragment: https://marineinfo.org/feed/project?fragment=2026-03-23T11%3A00%3A00Z%2F2026-03-23T12%3A00%3A00Z
HTTP 200, Content-Type: 'text/turtle; charset=utf-8;', format: turtle
Fetching LDES fragment: https://marineinfo.org/feed/project?fragment=2026-03-23T10%3A00%3A00Z%2F2026-03-23T11%3A00%3A00Z
HTTP 200, Content-Type: 'text/turtle; charset=utf-8;', format: turtle
Fetching LDES fragment: https://marineinfo.org/feed/project?fragment=2026-03-20T13%3A00%3A00Z%2F2026-03-20T14%3A00%3A00Z
HTTP 200, Content-Type: 'text/turtle; charset=utf-8;', format: turtle
Fetching LDES fragment: https://marineinfo.org/feed/project?fragment=2026-03-18T16%3A00%3A00Z%2F2026-03-18T17%3A00%3A00Z
HTTP 200, Content-Type: 'text/turtle; charset=utf-8;', format: turtle
Traversal complete: 10 fragment(s) fetched, 2185 total triple(s)
Checking age of youngest tree:member across 10 traversed fragment(s) of: https://marineinfo.org/feed/project
</system-out>
			<system-err>No timestamp found on any tree:member (checked 4 predicate(s))
</system-err>
		</testcase>
		<testcase name="ldes_harvest [https://marineinfo.org/feed/event]" classname="marineinfo" time="1.2628977298736572">
			<system-out>Fetching RDF graph from: https://marineinfo.org/feed/event
HTTP 200, Content-Type: 'text/turtle; charset=utf-8;', format: turtle
Successfully parsed 255 triple(s)
</system-out>
		</testcase>
		<testcase name="ldes_event_stream [https://marineinfo.org/feed/event]" classname="marineinfo" time="3.6716461181640625e-05">
			<system-out>Found 1 ldes:EventStream declaration(s)
  EventStream: https://marineinfo.org/feed/event
</system-out>
		</testcase>
		<testcase name="ldes_tree_view [https://marineinfo.org/feed/event]" classname="marineinfo" time="1.9073486328125e-05">
			<system-out>Found 1 tree:view relation(s)
  tree:view: https://marineinfo.org/feed/event?fragment=2026-03-19T10%3A00%3A00Z%2F2026-03-19T11%3A00%3A00Z
</system-out>
		</testcase>
		<testcase name="ldes_min_members [https://marineinfo.org/feed/event]" classname="marineinfo" time="5.412101745605469e-05">
			<failure message="Insufficient members: found 13, expected at least 20">The event stream at https://marineinfo.org/feed/event exposes only 13 tree:member triple(s) across 10 traversed fragment(s), but at least 20 are required</failure>
			<system-out>Traversing LDES feed from: https://marineinfo.org/feed/event
Fetching LDES fragment: https://marineinfo.org/feed/event?fragment=2026-03-19T10%3A00%3A00Z%2F2026-03-19T11%3A00%3A00Z
HTTP 200, Content-Type: 'text/turtle; charset=utf-8;', format: turtle
Fetching LDES fragment: https://marineinfo.org/feed/event?fragment=2026-01-23T12%3A00%3A00Z%2F2026-01-23T13%3A00%3A00Z
HTTP 200, Content-Type: 'text/turtle; charset=utf-8;', format: turtle
Fetching LDES fragment: https://marineinfo.org/feed/event?fragment=2026-01-21T11%3A00%3A00Z%2F2026-01-21T12%3A00%3A00Z
HTTP 200, Content-Type: 'text/turtle; charset=utf-8;', format: turtle
Fetching LDES fragment: https://marineinfo.org/feed/event?fragment=2025-11-04T12%3A00%3A00Z%2F2025-11-04T13%3A00%3A00Z
HTTP 200, Content-Type: 'text/turtle; charset=utf-8;', format: turtle
Fetching LDES fragment: https://marineinfo.org/feed/event?fragment=2025-10-06T14%3A00%3A00Z%2F2025-10-06T15%3A00%3A00Z
HTTP 200, Content-Type: 'text/turtle; charset=utf-8;', format: turtle
Fetching LDES fragment: https://marineinfo.org/feed/event?fragment=2025-09-24T10%3A00%3A00Z%2F2025-09-24T11%3A00%3A00Z
HTTP 200, Content-Type: 'text/turtle; charset=utf-8;', format: turtle
Fetching LDES fragment: https://marineinfo.org/feed/event?fragment=2025-09-24T07%3A00%3A00Z%2F2025-09-24T08%3A00%3A00Z
HTTP 200, Content-Type: 'text/turtle; charset=utf-8;', format: turtle
Fetching LDES fragment: https://marineinfo.org/feed/event?fragment=2025-07-30T08%3A00%3A00Z%2F2025-07-30T09%3A00%3A00Z
HTTP 200, Content-Type: 'text/turtle; charset=utf-8;', format: turtle
Fetching LDES fragment: https://marineinfo.org/feed/event?fragment=2025-07-30T06%3A00%3A00Z%2F2025-07-30T07%3A00%3A00Z
HTTP 200, Content-Type: 'text/turtle; charset=utf-8;', format: turtle
Traversal complete: 10 fragment(s) fetched, 2534 total triple(s)
Found 13 tree:member(s) across 10 traversed fragment(s); required minimum: 20
</system-out>
			<system-err>Insufficient members: 13 &lt; 20
</system-err>
		</testcase>
		<testcase name="ldes_min_fragments [https://marineinfo.org/feed/event]" classname="marineinfo" time="2.9802322387695312e-05">
			<system-out>Traversing LDES feed from: https://marineinfo.org/feed/event
Fetching LDES fragment: https://marineinfo.org/feed/event?fragment=2026-03-19T10%3A00%3A00Z%2F2026-03-19T11%3A00%3A00Z
HTTP 200, Content-Type: 'text/turtle; charset=utf-8;', format: turtle
Fetching LDES fragment: https://marineinfo.org/feed/event?fragment=2026-01-23T12%3A00%3A00Z%2F2026-01-23T13%3A00%3A00Z
HTTP 200, Content-Type: 'text/turtle; charset=utf-8;', format: turtle
Fetching LDES fragment: https://marineinfo.org/feed/event?fragment=2026-01-21T11%3A00%3A00Z%2F2026-01-21T12%3A00%3A00Z
HTTP 200, Content-Type: 'text/turtle; charset=utf-8;', format: turtle
Fetching LDES fragment: https://marineinfo.org/feed/event?fragment=2025-11-04T12%3A00%3A00Z%2F2025-11-04T13%3A00%3A00Z
HTTP 200, Content-Type: 'text/turtle; charset=utf-8;', format: turtle
Fetching LDES fragment: https://marineinfo.org/feed/event?fragment=2025-10-06T14%3A00%3A00Z%2F2025-10-06T15%3A00%3A00Z
HTTP 200, Content-Type: 'text/turtle; charset=utf-8;', format: turtle
Fetching LDES fragment: https://marineinfo.org/feed/event?fragment=2025-09-24T10%3A00%3A00Z%2F2025-09-24T11%3A00%3A00Z
HTTP 200, Content-Type: 'text/turtle; charset=utf-8;', format: turtle
Fetching LDES fragment: https://marineinfo.org/feed/event?fragment=2025-09-24T07%3A00%3A00Z%2F2025-09-24T08%3A00%3A00Z
HTTP 200, Content-Type: 'text/turtle; charset=utf-8;', format: turtle
Fetching LDES fragment: https://marineinfo.org/feed/event?fragment=2025-07-30T08%3A00%3A00Z%2F2025-07-30T09%3A00%3A00Z
HTTP 200, Content-Type: 'text/turtle; charset=utf-8;', format: turtle
Fetching LDES fragment: https://marineinfo.org/feed/event?fragment=2025-07-30T06%3A00%3A00Z%2F2025-07-30T07%3A00%3A00Z
HTTP 200, Content-Type: 'text/turtle; charset=utf-8;', format: turtle
Traversal complete: 10 fragment(s) fetched, 2534 total triple(s)
Traversed 10 LDES fragment(s) (following tree:Relation → tree:node links); required minimum: 10
  fragment: https://marineinfo.org/feed/event
  fragment: https://marineinfo.org/feed/event?fragment=2025-07-30T06%3A00%3A00Z%2F2025-07-30T07%3A00%3A00Z
  fragment: https://marineinfo.org/feed/event?fragment=2025-07-30T08%3A00%3A00Z%2F2025-07-30T09%3A00%3A00Z
  fragment: https://marineinfo.org/feed/event?fragment=2025-09-24T07%3A00%3A00Z%2F2025-09-24T08%3A00%3A00Z
  fragment: https://marineinfo.org/feed/event?fragment=2025-09-24T10%3A00%3A00Z%2F2025-09-24T11%3A00%3A00Z
  fragment: https://marineinfo.org/feed/event?fragment=2025-10-06T14%3A00%3A00Z%2F2025-10-06T15%3A00%3A00Z
  fragment: https://marineinfo.org/feed/event?fragment=2025-11-04T12%3A00%3A00Z%2F2025-11-04T13%3A00%3A00Z
  fragment: https://marineinfo.org/feed/event?fragment=2026-01-21T11%3A00%3A00Z%2F2026-01-21T12%3A00%3A00Z
  fragment: https://marineinfo.org/feed/event?fragment=2026-01-23T12%3A00%3A00Z%2F2026-01-23T13%3A00%3A00Z
  fragment: https://marineinfo.org/feed/event?fragment=2026-03-19T10%3A00%3A00Z%2F2026-03-19T11%3A00%3A00Z
</system-out>
		</testcase>
		<testcase name="ldes_max_age_youngest_member [https://marineinfo.org/feed/event]" classname="marineinfo" time="0.00013828277587890625">
			<failure message="No timestamp found on any tree:member">The LDES feed at https://marineinfo.org/feed/event contains no members with a recognisable timestamp (checked dcterms:modified, dcterms:created, prov:generatedAtTime, schema:dateModified)</failure>
			<system-out>Traversing LDES feed from: https://marineinfo.org/feed/event
Fetching LDES fragment: https://marineinfo.org/feed/event?fragment=2026-03-19T10%3A00%3A00Z%2F2026-03-19T11%3A00%3A00Z
HTTP 200, Content-Type: 'text/turtle; charset=utf-8;', format: turtle
Fetching LDES fragment: https://marineinfo.org/feed/event?fragment=2026-01-23T12%3A00%3A00Z%2F2026-01-23T13%3A00%3A00Z
HTTP 200, Content-Type: 'text/turtle; charset=utf-8;', format: turtle
Fetching LDES fragment: https://marineinfo.org/feed/event?fragment=2026-01-21T11%3A00%3A00Z%2F2026-01-21T12%3A00%3A00Z
HTTP 200, Content-Type: 'text/turtle; charset=utf-8;', format: turtle
Fetching LDES fragment: https://marineinfo.org/feed/event?fragment=2025-11-04T12%3A00%3A00Z%2F2025-11-04T13%3A00%3A00Z
HTTP 200, Content-Type: 'text/turtle; charset=utf-8;', format: turtle
Fetching LDES fragment: https://marineinfo.org/feed/event?fragment=2025-10-06T14%3A00%3A00Z%2F2025-10-06T15%3A00%3A00Z
HTTP 200, Content-Type: 'text/turtle; charset=utf-8;', format: turtle
Fetching LDES fragment: https://marineinfo.org/feed/event?fragment=2025-09-24T10%3A00%3A00Z%2F2025-09-24T11%3A00%3A00Z
HTTP 200, Content-Type: 'text/turtle; charset=utf-8;', format: turtle
Fetching LDES fragment: https://marineinfo.org/feed/event?fragment=2025-09-24T07%3A00%3A00Z%2F2025-09-24T08%3A00%3A00Z
HTTP 200, Content-Type: 'text/turtle; charset=utf-8;', format: turtle
Fetching LDES fragment: https://marineinfo.org/feed/event?fragment=2025-07-30T08%3A00%3A00Z%2F2025-07-30T09%3A00%3A00Z
HTTP 200, Content-Type: 'text/turtle; charset=utf-8;', format: turtle
Fetching LDES fragment: https://marineinfo.org/feed/event?fragment=2025-07-30T06%3A00%3A00Z%2F2025-07-30T07%3A00%3A00Z
HTTP 200, Content-Type: 'text/turtle; charset=utf-8;', format: turtle
Traversal complete: 10 fragment(s) fetched, 2534 total triple(s)
Checking age of youngest tree:member across 10 traversed fragment(s) of: https://marineinfo.org/feed/event
</system-out>
			<system-err>No timestamp found on any tree:member (checked 4 predicate(s))
</system-err>
		</testcase>
		<properties>
			<property name="urls" value="https://marineinfo.org/feed/dataset, https://marineinfo.org/feed/publication, https://marineinfo.org/feed/institute, https://marineinfo.org/feed/person, https://marineinfo.org/feed/project, https://marineinfo.org/feed/event"/>
			<property name="provenance" value="https://github.com/vliz-be-opsci/grmp-demo/blob/7c7b776aff4612c8f99b8b54761e9013e2d2e6c0/ldes-validation/tests.yaml"/>
			<property name="min_members" value="20"/>
			<property name="min_fragments" value="10"/>
			<property name="max_age_youngest_member" value="24"/>
			<property name="create-issue" value="false"/>
		</properties>
	</testsuite>
</testsuites>
