<?xml version="1.0" encoding="utf-8"?>
<testsuites>
	<testsuite name="input-echo-1" timestamp="2026-02-18T17:48:39.260567+00:00" tests="2" errors="0" failures="0" skipped="0" time="4.124641418457031e-05">
		<properties>
			<property name="url" value="https://brugge-ldes.geomobility.eu/observations"/>
			<property name="max-redirects" value="3"/>
			<property name="timeout" value="10"/>
			<property name="check-http-availability" value="False"/>
			<property name="check-https-availability" value="True"/>
			<property name="test_parameter_count" value="5"/>
			<property name="empty_test_parameter_count" value="0"/>
		</properties>
		<testcase name="get_env_test" classname="input-echo-1" time="2.6226043701171875e-05"/>
		<testcase name="check_emptiness_test" classname="input-echo-1" time="1.5020370483398438e-05"/>
	</testsuite>
	<testsuite name="input-echo-2" timestamp="2026-02-18T17:48:39.712411+00:00" tests="2" errors="0" failures="0" skipped="0" time="4.6253204345703125e-05">
		<properties>
			<property name="url" value="https://brugge-ldes.geomobility.eu/observations"/>
			<property name="supports-content-types" value="['text/turtle', 'application/trig']"/>
			<property name="check-response-body-conformity" value="True"/>
			<property name="test_parameter_count" value="3"/>
			<property name="empty_test_parameter_count" value="0"/>
		</properties>
		<testcase name="get_env_test" classname="input-echo-2" time="3.170967102050781e-05"/>
		<testcase name="check_emptiness_test" classname="input-echo-2" time="1.4543533325195312e-05"/>
	</testsuite>
	<testsuite name="input-echo-3" timestamp="2026-02-18T17:48:40.149038+00:00" tests="2" errors="0" failures="1" skipped="0" time="5.888938903808594e-05">
		<properties>
			<property name="url" value="None"/>
			<property name="supports-content-types" value="['text/turtle', 'application/trig']"/>
			<property name="check-response-body-conformity" value="True"/>
			<property name="test_parameter_count" value="3"/>
			<property name="empty_test_parameter_count" value="1"/>
		</properties>
		<testcase name="get_env_test" classname="input-echo-3" time="4.1484832763671875e-05"/>
		<testcase name="check_emptiness_test" classname="input-echo-3" time="1.7404556274414062e-05">
			<failure message="Empty test parameters found">url</failure>
		</testcase>
	</testsuite>
	<testsuite name="input-echo-4" timestamp="2026-02-18T17:48:40.610837+00:00" tests="2" errors="0" failures="1" skipped="1" time="2.3365020751953125e-05">
		<properties>
			<property name="test_parameter_count" value="0"/>
		</properties>
		<testcase name="get_env_test" classname="input-echo-4" time="2.3365020751953125e-05">
			<failure message="No test parameters found"/>
		</testcase>
		<testcase name="check_emptiness_test" classname="input-echo-4" time="0.0">
			<skipped message="Failure or error within the get_env_test"/>
		</testcase>
	</testsuite>
</testsuites>
