<?xml version="1.0" encoding="utf-8"?>
<testsuites>
	<testsuite name="input-echo-1" timestamp="2026-04-02T20:04:56.054607+00:00" tests="3" errors="0" failures="1" skipped="0" time="5.364418029785156e-05">
		<properties>
			<property name="url" value="https://brugge-ldes.geomobility.eu/observations"/>
			<property name="max-redirects" value="3"/>
			<property name="timeout" value="10"/>
			<property name="check-http-availability" value="False"/>
			<property name="check-https-availability" value="True"/>
			<property name="provenance" value="https://github.com/vliz-be-opsci/grmp-demo/blob/0642921e2717796a1bc6fd7002c5c313f52b12b6/input-echo-demo/tests.yaml"/>
			<property name="create-issue" value="false"/>
		</properties>
		<testcase name="get_env_test" classname="input-echo-1" time="2.0742416381835938e-05">
			<system-out>Found: TEST_URL = https://brugge-ldes.geomobility.eu/observations
Found: TEST_MAX-REDIRECTS = 3
Found: TEST_TIMEOUT = 10
Found: TEST_CHECK-HTTP-AVAILABILITY = False
Found: TEST_CHECK-HTTPS-AVAILABILITY = True
test_parameter_count: 5
</system-out>
		</testcase>
		<testcase name="check_emptiness_test" classname="input-echo-1" time="9.298324584960938e-06">
			<system-out>empty_test_parameter_count: 0
</system-out>
		</testcase>
		<testcase name="check_secrets_test" classname="input-echo-1" time="2.3603439331054688e-05">
			<failure message="No secrets found">No non-empty SECRET_* environment variables are configured.</failure>
			<system-out>secret_count: 0
</system-out>
		</testcase>
	</testsuite>
	<testsuite name="input-echo-2" timestamp="2026-04-02T20:04:57.505391+00:00" tests="3" errors="0" failures="1" skipped="0" time="5.555152893066406e-05">
		<properties>
			<property name="url" value="https://brugge-ldes.geomobility.eu/observations"/>
			<property name="supports-content-types" value="['text/turtle', 'application/trig']"/>
			<property name="check-response-body-conformity" value="True"/>
			<property name="provenance" value="https://github.com/vliz-be-opsci/grmp-demo/blob/0642921e2717796a1bc6fd7002c5c313f52b12b6/input-echo-demo/tests.yaml"/>
			<property name="create-issue" value="false"/>
		</properties>
		<testcase name="get_env_test" classname="input-echo-2" time="2.4318695068359375e-05">
			<system-out>Found: TEST_URL = https://brugge-ldes.geomobility.eu/observations
Found: TEST_SUPPORTS-CONTENT-TYPES = ['text/turtle', 'application/trig']
Found: TEST_CHECK-RESPONSE-BODY-CONFORMITY = True
test_parameter_count: 3
</system-out>
		</testcase>
		<testcase name="check_emptiness_test" classname="input-echo-2" time="9.059906005859375e-06">
			<system-out>empty_test_parameter_count: 0
</system-out>
		</testcase>
		<testcase name="check_secrets_test" classname="input-echo-2" time="2.2172927856445312e-05">
			<failure message="No secrets found">No non-empty SECRET_* environment variables are configured.</failure>
			<system-out>secret_count: 0
</system-out>
		</testcase>
	</testsuite>
	<testsuite name="input-echo-3" timestamp="2026-04-02T20:04:57.846381+00:00" tests="3" errors="0" failures="2" skipped="0" time="5.5789947509765625e-05">
		<properties>
			<property name="url" value="None"/>
			<property name="supports-content-types" value="['text/turtle', 'application/trig']"/>
			<property name="check-response-body-conformity" value="True"/>
			<property name="provenance" value="https://github.com/vliz-be-opsci/grmp-demo/blob/0642921e2717796a1bc6fd7002c5c313f52b12b6/input-echo-demo/tests.yaml"/>
			<property name="create-issue" value="false"/>
		</properties>
		<testcase name="get_env_test" classname="input-echo-3" time="2.2172927856445312e-05">
			<system-out>Found: TEST_URL = None
Found: TEST_SUPPORTS-CONTENT-TYPES = ['text/turtle', 'application/trig']
Found: TEST_CHECK-RESPONSE-BODY-CONFORMITY = True
test_parameter_count: 3
</system-out>
		</testcase>
		<testcase name="check_emptiness_test" classname="input-echo-3" time="1.1205673217773438e-05">
			<failure message="Empty test parameters found">url</failure>
			<system-out>Found empty value: TEST_URL = 'None'
empty_test_parameter_count: 1
</system-out>
		</testcase>
		<testcase name="check_secrets_test" classname="input-echo-3" time="2.2411346435546875e-05">
			<failure message="No secrets found">No non-empty SECRET_* environment variables are configured.</failure>
			<system-out>secret_count: 0
</system-out>
		</testcase>
	</testsuite>
	<testsuite name="input-echo-4" timestamp="2026-04-02T20:04:58.178867+00:00" tests="3" errors="0" failures="2" skipped="1" time="4.38690185546875e-05">
		<testcase name="get_env_test" classname="input-echo-4" time="2.1457672119140625e-05">
			<failure message="No test parameters found">No TEST_* environment variables are configured.</failure>
			<system-out>test_parameter_count: 0
</system-out>
		</testcase>
		<testcase name="check_emptiness_test" classname="input-echo-4" time="0.0">
			<skipped message="Skipped because get_env_test did not pass."/>
		</testcase>
		<testcase name="check_secrets_test" classname="input-echo-4" time="2.2411346435546875e-05">
			<failure message="No secrets found">No non-empty SECRET_* environment variables are configured.</failure>
			<system-out>secret_count: 0
</system-out>
		</testcase>
		<properties>
			<property name="provenance" value="https://github.com/vliz-be-opsci/grmp-demo/blob/0642921e2717796a1bc6fd7002c5c313f52b12b6/input-echo-demo/tests.yaml"/>
			<property name="create-issue" value="false"/>
		</properties>
	</testsuite>
	<testsuite name="input-echo-standard" timestamp="2026-04-02T20:04:59.410036+00:00" tests="3" errors="0" failures="0" skipped="0" time="5.507469177246094e-05">
		<properties>
			<property name="url" value="https://brugge-ldes.geomobility.eu/observations"/>
			<property name="max-redirects" value="3"/>
			<property name="timeout" value="10"/>
			<property name="check-http-availability" value="False"/>
			<property name="check-https-availability" value="True"/>
			<property name="provenance" value="https://github.com/vliz-be-opsci/grmp-demo/blob/0642921e2717796a1bc6fd7002c5c313f52b12b6/input-echo-demo/tests_alice/grmp_config.yaml"/>
			<property name="create-issue" value="false"/>
		</properties>
		<testcase name="get_env_test" classname="input-echo-standard" time="1.9550323486328125e-05">
			<system-out>Found: TEST_URL = https://brugge-ldes.geomobility.eu/observations
Found: TEST_MAX-REDIRECTS = 3
Found: TEST_TIMEOUT = 10
Found: TEST_CHECK-HTTP-AVAILABILITY = False
Found: TEST_CHECK-HTTPS-AVAILABILITY = True
test_parameter_count: 5
</system-out>
		</testcase>
		<testcase name="check_emptiness_test" classname="input-echo-standard" time="9.059906005859375e-06">
			<system-out>empty_test_parameter_count: 0
</system-out>
		</testcase>
		<testcase name="check_secrets_test" classname="input-echo-standard" time="2.6464462280273438e-05">
			<system-out>Found secret: SECRET_MY_API_KEY
secret_count: 1
</system-out>
		</testcase>
	</testsuite>
	<testsuite name="input-echo-alice" timestamp="2026-04-02T20:05:00.546013+00:00" tests="3" errors="0" failures="1" skipped="0" time="5.9604644775390625e-05">
		<properties>
			<property name="supports-content-types" value="['application/trig']"/>
			<property name="check-response-body-conformity" value="True"/>
			<property name="provenance" value="https://github.com/vliz-be-opsci/grmp-demo/blob/0642921e2717796a1bc6fd7002c5c313f52b12b6/input-echo-demo/tests_alice/grmp_config.yaml"/>
			<property name="create-issue" value="false"/>
		</properties>
		<testcase name="get_env_test" classname="input-echo-alice" time="2.8133392333984375e-05">
			<system-out>Found: TEST_SUPPORTS-CONTENT-TYPES = ['application/trig']
Found: TEST_CHECK-RESPONSE-BODY-CONFORMITY = True
test_parameter_count: 2
</system-out>
		</testcase>
		<testcase name="check_emptiness_test" classname="input-echo-alice" time="9.059906005859375e-06">
			<system-out>empty_test_parameter_count: 0
</system-out>
		</testcase>
		<testcase name="check_secrets_test" classname="input-echo-alice" time="2.2411346435546875e-05">
			<failure message="No secrets found">No non-empty SECRET_* environment variables are configured.</failure>
			<system-out>secret_count: 0
</system-out>
		</testcase>
	</testsuite>
	<testsuite name="input-echo-standard(2)" timestamp="2026-04-02T20:05:00.914741+00:00" tests="3" errors="0" failures="1" skipped="0" time="5.888938903808594e-05">
		<properties>
			<property name="url" value="https://brugge-ldes.geomobility.eu/observations"/>
			<property name="max-redirects" value="3"/>
			<property name="timeout" value="10"/>
			<property name="check-http-availability" value="False"/>
			<property name="check-https-availability" value="True"/>
			<property name="provenance" value="https://github.com/vliz-be-opsci/grmp-demo/blob/0642921e2717796a1bc6fd7002c5c313f52b12b6/input-echo-demo/tests_bob/grmp_conf.yaml"/>
			<property name="create-issue" value="false"/>
		</properties>
		<testcase name="get_env_test" classname="input-echo-standard(2)" time="2.5272369384765625e-05">
			<system-out>Found: TEST_URL = https://brugge-ldes.geomobility.eu/observations
Found: TEST_MAX-REDIRECTS = 3
Found: TEST_TIMEOUT = 10
Found: TEST_CHECK-HTTP-AVAILABILITY = False
Found: TEST_CHECK-HTTPS-AVAILABILITY = True
test_parameter_count: 5
</system-out>
		</testcase>
		<testcase name="check_emptiness_test" classname="input-echo-standard(2)" time="9.298324584960938e-06">
			<system-out>empty_test_parameter_count: 0
</system-out>
		</testcase>
		<testcase name="check_secrets_test" classname="input-echo-standard(2)" time="2.4318695068359375e-05">
			<failure message="No secrets found">No non-empty SECRET_* environment variables are configured.</failure>
			<system-out>secret_count: 0
</system-out>
		</testcase>
	</testsuite>
	<testsuite name="input-echo-standard-2" timestamp="2026-04-02T20:05:01.341903+00:00" tests="3" errors="0" failures="1" skipped="0" time="5.8650970458984375e-05">
		<properties>
			<property name="url" value="https://brugge-ldes.geomobility.eu/observations"/>
			<property name="supports-content-types" value="['text/turtle', 'application/trig']"/>
			<property name="check-response-body-conformity" value="True"/>
			<property name="provenance" value="https://github.com/vliz-be-opsci/grmp-demo/blob/0642921e2717796a1bc6fd7002c5c313f52b12b6/input-echo-demo/tests_bob/grmp_conf.yaml"/>
			<property name="create-issue" value="false"/>
		</properties>
		<testcase name="get_env_test" classname="input-echo-standard-2" time="2.5987625122070312e-05">
			<system-out>Found: TEST_URL = https://brugge-ldes.geomobility.eu/observations
Found: TEST_SUPPORTS-CONTENT-TYPES = ['text/turtle', 'application/trig']
Found: TEST_CHECK-RESPONSE-BODY-CONFORMITY = True
test_parameter_count: 3
</system-out>
		</testcase>
		<testcase name="check_emptiness_test" classname="input-echo-standard-2" time="9.298324584960938e-06">
			<system-out>empty_test_parameter_count: 0
</system-out>
		</testcase>
		<testcase name="check_secrets_test" classname="input-echo-standard-2" time="2.3365020751953125e-05">
			<failure message="No secrets found">No non-empty SECRET_* environment variables are configured.</failure>
			<system-out>secret_count: 0
</system-out>
		</testcase>
	</testsuite>
	<testsuite name="input-echo-fail" timestamp="2026-04-02T20:05:03.722124+00:00" tests="3" errors="0" failures="2" skipped="0" time="6.151199340820312e-05">
		<properties>
			<property name="url" value="None"/>
			<property name="supports-content-types" value="['text/turtle', 'application/trig']"/>
			<property name="check-response-body-conformity" value="True"/>
			<property name="provenance" value="https://github.com/vliz-be-opsci/grmp-demo/blob/0642921e2717796a1bc6fd7002c5c313f52b12b6/input-echo-demo/tests_bob/grmp_conf.yaml"/>
			<property name="create-issue" value="false"/>
		</properties>
		<testcase name="get_env_test" classname="input-echo-fail" time="2.7418136596679688e-05">
			<system-out>Found: TEST_URL = None
Found: TEST_SUPPORTS-CONTENT-TYPES = ['text/turtle', 'application/trig']
Found: TEST_CHECK-RESPONSE-BODY-CONFORMITY = True
test_parameter_count: 3
</system-out>
		</testcase>
		<testcase name="check_emptiness_test" classname="input-echo-fail" time="1.1205673217773438e-05">
			<failure message="Empty test parameters found">url</failure>
			<system-out>Found empty value: TEST_URL = 'None'
empty_test_parameter_count: 1
</system-out>
		</testcase>
		<testcase name="check_secrets_test" classname="input-echo-fail" time="2.288818359375e-05">
			<failure message="No secrets found">No non-empty SECRET_* environment variables are configured.</failure>
			<system-out>secret_count: 0
</system-out>
		</testcase>
	</testsuite>
	<testsuite name="input-echo-skip" timestamp="2026-04-02T20:05:04.077763+00:00" tests="3" errors="0" failures="2" skipped="1" time="4.649162292480469e-05">
		<testcase name="get_env_test" classname="input-echo-skip" time="2.3603439331054688e-05">
			<failure message="No test parameters found">No TEST_* environment variables are configured.</failure>
			<system-out>test_parameter_count: 0
</system-out>
		</testcase>
		<testcase name="check_emptiness_test" classname="input-echo-skip" time="0.0">
			<skipped message="Skipped because get_env_test did not pass."/>
		</testcase>
		<testcase name="check_secrets_test" classname="input-echo-skip" time="2.288818359375e-05">
			<failure message="No secrets found">No non-empty SECRET_* environment variables are configured.</failure>
			<system-out>secret_count: 0
</system-out>
		</testcase>
		<properties>
			<property name="provenance" value="https://github.com/vliz-be-opsci/grmp-demo/blob/0642921e2717796a1bc6fd7002c5c313f52b12b6/input-echo-demo/tests_bob/grmp_conf.yaml"/>
			<property name="create-issue" value="false"/>
		</properties>
	</testsuite>
</testsuites>
