<?xml version="1.0" encoding="utf-8"?>
<testsuites>
	<testsuite name="shacl-example" timestamp="2026-03-11T08:59:48.816920+00:00" tests="1" errors="0" failures="0" skipped="0" time="0.5456027984619141">
		<testcase name="shacl_validation [https://data.emobon.embrc.eu/metadata.ttl]" classname="shacl-example" time="0.5456027984619141">
			<system-out>Harvesting data graph from: https://data.emobon.embrc.eu/metadata.ttl
Harvested 577 triples
Running SHACL validation...
SHACL validation passed: data graph conforms to shapes
</system-out>
		</testcase>
		<properties>
			<property name="shapes_url" value="https://raw.githubusercontent.com/SEMICeu/dcat-ap_shacl/master/shacl/dcat-ap.shapes.ttl"/>
			<property name="data_urls" value="https://data.emobon.embrc.eu/metadata.ttl"/>
			<property name="providence" value="/config/tests.yaml"/>
		</properties>
	</testsuite>
</testsuites>
