<?xml version="1.0" encoding="utf-8"?>
<testsuites>
	<testsuite name="input-echo-1" timestamp="2026-02-18T17:36:25.011535+00:00" tests="2" errors="0" failures="0" skipped="0" time="4.482269287109375e-05">
		<properties>
			<property name="url" value="https://brugge-ldes.geomobility.eu/observations"/>
			<property name="max-redirects" value="3"/>
			<property name="timeout" value="10"/>
			<property name="check-http-availability" value="False"/>
			<property name="check-https-availability" value="True"/>
			<property name="test_parameter_count" value="5"/>
			<property name="empty_test_parameter_count" value="0"/>
		</properties>
		<testcase name="get_env_test" classname="input-echo-1" time="2.9087066650390625e-05"/>
		<testcase name="check_emptiness_test" classname="input-echo-1" time="1.5735626220703125e-05"/>
	</testsuite>
	<testsuite name="input-echo-2" timestamp="2026-02-18T17:36:26.124871+00:00" tests="2" errors="0" failures="0" skipped="0" time="4.220008850097656e-05">
		<properties>
			<property name="url" value="https://brugge-ldes.geomobility.eu/observations"/>
			<property name="supports-content-types" value="['text/turtle', 'application/trig']"/>
			<property name="check-response-body-conformity" value="True"/>
			<property name="test_parameter_count" value="3"/>
			<property name="empty_test_parameter_count" value="0"/>
		</properties>
		<testcase name="get_env_test" classname="input-echo-2" time="2.7894973754882812e-05"/>
		<testcase name="check_emptiness_test" classname="input-echo-2" time="1.430511474609375e-05"/>
	</testsuite>
	<testsuite name="input-echo-3" timestamp="2026-02-18T17:36:27.344306+00:00" tests="2" errors="0" failures="1" skipped="0" time="4.482269287109375e-05">
		<properties>
			<property name="url" value="None"/>
			<property name="supports-content-types" value="['text/turtle', 'application/trig']"/>
			<property name="check-response-body-conformity" value="True"/>
			<property name="test_parameter_count" value="3"/>
			<property name="empty_test_parameter_count" value="1"/>
		</properties>
		<testcase name="get_env_test" classname="input-echo-3" time="2.8133392333984375e-05"/>
		<testcase name="check_emptiness_test" classname="input-echo-3" time="1.6689300537109375e-05">
			<failure message="Empty test parameters found">url</failure>
		</testcase>
	</testsuite>
	<testsuite name="input-echo-4" timestamp="2026-02-18T17:36:28.481251+00:00" tests="2" errors="0" failures="1" skipped="1" time="2.09808349609375e-05">
		<properties>
			<property name="test_parameter_count" value="0"/>
		</properties>
		<testcase name="get_env_test" classname="input-echo-4" time="2.09808349609375e-05">
			<failure message="No test parameters found"/>
		</testcase>
		<testcase name="check_emptiness_test" classname="input-echo-4" time="0.0">
			<skipped message="Failure or error within the get_env_test"/>
		</testcase>
	</testsuite>
</testsuites>
