<?xml version="1.0" encoding="utf-8"?>
<testsuites>
	<testsuite name="ldes_validation" timestamp="2026-04-01T05:54:07.310886+00:00" tests="6" errors="0" failures="1" skipped="0" time="0.9511713981628418">
		<testcase name="ldes_harvest [https://marineregions.org/feed.ttl]" classname="ldes_validation" time="0.9506347179412842">
			<system-out>Fetching RDF graph from: https://marineregions.org/feed.ttl
HTTP 200, Content-Type: 'text/turtle; charset=UTF-8;', format: turtle
Successfully parsed 120 triple(s)
</system-out>
		</testcase>
		<testcase name="ldes_event_stream [https://marineregions.org/feed.ttl]" classname="ldes_validation" time="7.128715515136719e-05">
			<system-out>Found 1 ldes:EventStream declaration(s)
  EventStream: https://www.marineregions.org/feed
</system-out>
		</testcase>
		<testcase name="ldes_tree_view [https://marineregions.org/feed.ttl]" classname="ldes_validation" time="2.193450927734375e-05">
			<system-out>Found 1 tree:view relation(s)
  tree:view: https://www.marineregions.org/feed.ttl?page=2026-03-07T20%3A00%3A00Z%2F2026-03-07T21%3A00%3A00Z
</system-out>
		</testcase>
		<testcase name="ldes_min_members [https://marineregions.org/feed.ttl]" classname="ldes_validation" time="7.176399230957031e-05">
			<system-out>Traversing LDES feed from: https://marineregions.org/feed.ttl
Fetching LDES fragment: https://www.marineregions.org/feed.ttl?page=2026-03-07T20%3A00%3A00Z%2F2026-03-07T21%3A00%3A00Z
HTTP 200, Content-Type: 'text/turtle; charset=UTF-8;', format: turtle
Fetching LDES fragment: https://www.marineregions.org/feed.ttl?page=2026-03-07T19%3A00%3A00Z%2F2026-03-07T20%3A00%3A00Z
HTTP 200, Content-Type: 'text/turtle; charset=UTF-8;', format: turtle
Fetching LDES fragment: https://www.marineregions.org/feed.ttl?page=2026-03-07T18%3A00%3A00Z%2F2026-03-07T19%3A00%3A00Z
HTTP 200, Content-Type: 'text/turtle; charset=UTF-8;', format: turtle
Fetching LDES fragment: https://www.marineregions.org/feed.ttl?page=2026-03-07T16%3A00%3A00Z%2F2026-03-07T17%3A00%3A00Z
HTTP 200, Content-Type: 'text/turtle; charset=UTF-8;', format: turtle
Fetching LDES fragment: https://www.marineregions.org/feed.ttl?page=2026-03-07T15%3A00%3A00Z%2F2026-03-07T16%3A00%3A00Z
HTTP 200, Content-Type: 'text/turtle; charset=UTF-8;', format: turtle
Traversal complete: 6 fragment(s) fetched, 884 total triple(s)
Found 23 tree:member(s) across 6 traversed fragment(s); required minimum: 20
</system-out>
		</testcase>
		<testcase name="ldes_min_fragments [https://marineregions.org/feed.ttl]" classname="ldes_validation" time="2.4318695068359375e-05">
			<system-out>Traversing LDES feed from: https://marineregions.org/feed.ttl
Fetching LDES fragment: https://www.marineregions.org/feed.ttl?page=2026-03-07T20%3A00%3A00Z%2F2026-03-07T21%3A00%3A00Z
HTTP 200, Content-Type: 'text/turtle; charset=UTF-8;', format: turtle
Fetching LDES fragment: https://www.marineregions.org/feed.ttl?page=2026-03-07T19%3A00%3A00Z%2F2026-03-07T20%3A00%3A00Z
HTTP 200, Content-Type: 'text/turtle; charset=UTF-8;', format: turtle
Fetching LDES fragment: https://www.marineregions.org/feed.ttl?page=2026-03-07T18%3A00%3A00Z%2F2026-03-07T19%3A00%3A00Z
HTTP 200, Content-Type: 'text/turtle; charset=UTF-8;', format: turtle
Fetching LDES fragment: https://www.marineregions.org/feed.ttl?page=2026-03-07T16%3A00%3A00Z%2F2026-03-07T17%3A00%3A00Z
HTTP 200, Content-Type: 'text/turtle; charset=UTF-8;', format: turtle
Fetching LDES fragment: https://www.marineregions.org/feed.ttl?page=2026-03-07T15%3A00%3A00Z%2F2026-03-07T16%3A00%3A00Z
HTTP 200, Content-Type: 'text/turtle; charset=UTF-8;', format: turtle
Traversal complete: 6 fragment(s) fetched, 884 total triple(s)
Traversed 6 LDES fragment(s) (following tree:Relation → tree:node links); required minimum: 6
  fragment: https://marineregions.org/feed.ttl
  fragment: https://www.marineregions.org/feed.ttl?page=2026-03-07T15%3A00%3A00Z%2F2026-03-07T16%3A00%3A00Z
  fragment: https://www.marineregions.org/feed.ttl?page=2026-03-07T16%3A00%3A00Z%2F2026-03-07T17%3A00%3A00Z
  fragment: https://www.marineregions.org/feed.ttl?page=2026-03-07T18%3A00%3A00Z%2F2026-03-07T19%3A00%3A00Z
  fragment: https://www.marineregions.org/feed.ttl?page=2026-03-07T19%3A00%3A00Z%2F2026-03-07T20%3A00%3A00Z
  fragment: https://www.marineregions.org/feed.ttl?page=2026-03-07T20%3A00%3A00Z%2F2026-03-07T21%3A00%3A00Z
</system-out>
		</testcase>
		<testcase name="ldes_max_age_youngest_member [https://marineregions.org/feed.ttl]" classname="ldes_validation" time="0.00034737586975097656">
			<failure message="Youngest member is 585.60h old, exceeds maximum 24h">The youngest member of the LDES feed at https://marineregions.org/feed.ttl has timestamp 2026-03-07T20:18:09+00:00, which is 585.60 hour(s) old. The maximum allowed age is 24 hour(s).</failure>
			<system-out>Traversing LDES feed from: https://marineregions.org/feed.ttl
Fetching LDES fragment: https://www.marineregions.org/feed.ttl?page=2026-03-07T20%3A00%3A00Z%2F2026-03-07T21%3A00%3A00Z
HTTP 200, Content-Type: 'text/turtle; charset=UTF-8;', format: turtle
Fetching LDES fragment: https://www.marineregions.org/feed.ttl?page=2026-03-07T19%3A00%3A00Z%2F2026-03-07T20%3A00%3A00Z
HTTP 200, Content-Type: 'text/turtle; charset=UTF-8;', format: turtle
Fetching LDES fragment: https://www.marineregions.org/feed.ttl?page=2026-03-07T18%3A00%3A00Z%2F2026-03-07T19%3A00%3A00Z
HTTP 200, Content-Type: 'text/turtle; charset=UTF-8;', format: turtle
Fetching LDES fragment: https://www.marineregions.org/feed.ttl?page=2026-03-07T16%3A00%3A00Z%2F2026-03-07T17%3A00%3A00Z
HTTP 200, Content-Type: 'text/turtle; charset=UTF-8;', format: turtle
Fetching LDES fragment: https://www.marineregions.org/feed.ttl?page=2026-03-07T15%3A00%3A00Z%2F2026-03-07T16%3A00%3A00Z
HTTP 200, Content-Type: 'text/turtle; charset=UTF-8;', format: turtle
Traversal complete: 6 fragment(s) fetched, 884 total triple(s)
Checking age of youngest tree:member across 6 traversed fragment(s) of: https://marineregions.org/feed.ttl
Youngest member timestamp: 2026-03-07T20:18:09+00:00; age: 585.60 hour(s); maximum allowed: 24 hour(s)
</system-out>
			<system-err>Youngest member is too old: 585.60h &gt; 24h
</system-err>
		</testcase>
		<properties>
			<property name="urls" value="https://marineregions.org/feed.ttl"/>
			<property name="provenance" value="https://github.com/vliz-be-opsci/grmp-demo/blob/fdb5f66ea667756b7f30ed08dd630d04a3b5f290/ldes-validation/tests.yaml"/>
			<property name="min_members" value="20"/>
			<property name="min_fragments" value="6"/>
			<property name="max_age_youngest_member" value="24"/>
			<property name="create-issue" value="false"/>
		</properties>
	</testsuite>
</testsuites>
