<?xml version="1.0" encoding="utf-8"?>
<testsuites>
	<testsuite name="input-echo-1" timestamp="2026-02-18T14:54:38.084971+00:00" tests="2" errors="0" failures="0" skipped="0" time="4.172325134277344e-05">
		<properties>
			<property name="url" value="https://brugge-ldes.geomobility.eu/observations"/>
			<property name="max-redirects" value="3"/>
			<property name="timeout" value="10"/>
			<property name="check-http-availability" value="False"/>
			<property name="check-https-availability" value="True"/>
			<property name="test_parameter_count" value="5"/>
			<property name="empty_test_parameter_count" value="0"/>
		</properties>
		<testcase name="get_env_test" classname="input-echo-1" time="2.7418136596679688e-05"/>
		<testcase name="check_emptiness_test" classname="input-echo-1" time="1.430511474609375e-05"/>
	</testsuite>
	<testsuite name="input-echo-2" timestamp="2026-02-18T14:54:39.249284+00:00" tests="2" errors="0" failures="0" skipped="0" time="6.270408630371094e-05">
		<properties>
			<property name="url" value="https://brugge-ldes.geomobility.eu/observations"/>
			<property name="supports-content-types" value="['text/turtle', 'application/trig']"/>
			<property name="check-response-body-conformity" value="True"/>
			<property name="test_parameter_count" value="3"/>
			<property name="empty_test_parameter_count" value="0"/>
		</properties>
		<testcase name="get_env_test" classname="input-echo-2" time="2.7418136596679688e-05"/>
		<testcase name="check_emptiness_test" classname="input-echo-2" time="3.528594970703125e-05"/>
	</testsuite>
	<testsuite name="input-echo-3" timestamp="2026-02-18T14:54:40.345372+00:00" tests="2" errors="0" failures="1" skipped="0" time="4.00543212890625e-05">
		<properties>
			<property name="url" value="None"/>
			<property name="supports-content-types" value="['text/turtle', 'application/trig']"/>
			<property name="check-response-body-conformity" value="True"/>
			<property name="test_parameter_count" value="3"/>
			<property name="empty_test_parameter_count" value="1"/>
		</properties>
		<testcase name="get_env_test" classname="input-echo-3" time="2.5272369384765625e-05"/>
		<testcase name="check_emptiness_test" classname="input-echo-3" time="1.4781951904296875e-05">
			<failure message="Empty test parameters found">url</failure>
		</testcase>
	</testsuite>
	<testsuite name="input-echo-4" timestamp="2026-02-18T14:54:41.424649+00:00" tests="2" errors="0" failures="1" skipped="1" time="2.2172927856445312e-05">
		<properties>
			<property name="test_parameter_count" value="0"/>
		</properties>
		<testcase name="get_env_test" classname="input-echo-4" time="2.2172927856445312e-05">
			<failure message="No test parameters found"/>
		</testcase>
		<testcase name="check_emptiness_test" classname="input-echo-4" time="0.0">
			<skipped message="Failure or error within the get_env_test"/>
		</testcase>
	</testsuite>
</testsuites>
