<?xml version="1.0" encoding="utf-8"?>
<testsuites>
	<testsuite name="input-echo-1" timestamp="2026-03-11T08:55:40.832406+00:00" tests="2" errors="0" failures="0" skipped="0" time="7.581710815429688e-05">
		<properties>
			<property name="url" value="https://brugge-ldes.geomobility.eu/observations"/>
			<property name="max-redirects" value="3"/>
			<property name="timeout" value="10"/>
			<property name="check-http-availability" value="False"/>
			<property name="check-https-availability" value="True"/>
			<property name="test_parameter_count" value="5"/>
			<property name="source_file" value="/config/tests.yaml"/>
			<property name="empty_test_parameter_count" value="0"/>
		</properties>
		<testcase name="get_env_test" classname="input-echo-1" time="5.3882598876953125e-05"/>
		<testcase name="check_emptiness_test" classname="input-echo-1" time="2.193450927734375e-05"/>
	</testsuite>
	<testsuite name="input-echo-2" timestamp="2026-03-11T08:55:41.384464+00:00" tests="2" errors="0" failures="0" skipped="0" time="6.127357482910156e-05">
		<properties>
			<property name="url" value="https://brugge-ldes.geomobility.eu/observations"/>
			<property name="supports-content-types" value="['text/turtle', 'application/trig']"/>
			<property name="check-response-body-conformity" value="True"/>
			<property name="test_parameter_count" value="3"/>
			<property name="source_file" value="/config/tests.yaml"/>
			<property name="empty_test_parameter_count" value="0"/>
		</properties>
		<testcase name="get_env_test" classname="input-echo-2" time="4.124641418457031e-05"/>
		<testcase name="check_emptiness_test" classname="input-echo-2" time="2.002716064453125e-05"/>
	</testsuite>
	<testsuite name="input-echo-3" timestamp="2026-03-11T08:55:41.948237+00:00" tests="2" errors="0" failures="1" skipped="0" time="6.580352783203125e-05">
		<properties>
			<property name="url" value="None"/>
			<property name="supports-content-types" value="['text/turtle', 'application/trig']"/>
			<property name="check-response-body-conformity" value="True"/>
			<property name="test_parameter_count" value="3"/>
			<property name="source_file" value="/config/tests.yaml"/>
			<property name="empty_test_parameter_count" value="1"/>
		</properties>
		<testcase name="get_env_test" classname="input-echo-3" time="4.363059997558594e-05"/>
		<testcase name="check_emptiness_test" classname="input-echo-3" time="2.2172927856445312e-05">
			<failure message="Empty test parameters found">url</failure>
			<system-out>Found empty value: TEST_URL = None
</system-out>
			<system-err/>
		</testcase>
	</testsuite>
	<testsuite name="input-echo-4" timestamp="2026-03-11T08:55:42.484184+00:00" tests="2" errors="0" failures="1" skipped="1" time="3.0517578125e-05">
		<properties>
			<property name="test_parameter_count" value="0"/>
			<property name="source_file" value="/config/tests.yaml"/>
		</properties>
		<testcase name="get_env_test" classname="input-echo-4" time="3.0517578125e-05">
			<failure message="No test parameters found"/>
			<system-out/>
			<system-err/>
		</testcase>
		<testcase name="check_emptiness_test" classname="input-echo-4" time="0.0">
			<skipped message="Failure or error within the get_env_test"/>
		</testcase>
	</testsuite>
	<testsuite name="input-echo-standard" timestamp="2026-03-11T08:55:43.082449+00:00" tests="2" errors="0" failures="0" skipped="0" time="7.772445678710938e-05">
		<properties>
			<property name="url" value="https://brugge-ldes.geomobility.eu/observations"/>
			<property name="max-redirects" value="3"/>
			<property name="timeout" value="10"/>
			<property name="check-http-availability" value="False"/>
			<property name="check-https-availability" value="True"/>
			<property name="test_parameter_count" value="5"/>
			<property name="source_file" value="/config/tests_alice/grmp_config.yaml"/>
			<property name="empty_test_parameter_count" value="0"/>
		</properties>
		<testcase name="get_env_test" classname="input-echo-standard" time="5.602836608886719e-05"/>
		<testcase name="check_emptiness_test" classname="input-echo-standard" time="2.1696090698242188e-05"/>
	</testsuite>
	<testsuite name="input-echo-alice" timestamp="2026-03-11T08:55:43.613912+00:00" tests="2" errors="0" failures="0" skipped="0" time="6.723403930664062e-05">
		<properties>
			<property name="supports-content-types" value="['application/trig']"/>
			<property name="check-response-body-conformity" value="True"/>
			<property name="test_parameter_count" value="2"/>
			<property name="source_file" value="/config/tests_alice/grmp_config.yaml"/>
			<property name="empty_test_parameter_count" value="0"/>
		</properties>
		<testcase name="get_env_test" classname="input-echo-alice" time="4.76837158203125e-05"/>
		<testcase name="check_emptiness_test" classname="input-echo-alice" time="1.9550323486328125e-05"/>
	</testsuite>
	<testsuite name="input-echo-standard(2)" timestamp="2026-03-11T08:55:44.176125+00:00" tests="2" errors="0" failures="0" skipped="0" time="7.677078247070312e-05">
		<properties>
			<property name="url" value="https://brugge-ldes.geomobility.eu/observations"/>
			<property name="max-redirects" value="3"/>
			<property name="timeout" value="10"/>
			<property name="check-http-availability" value="False"/>
			<property name="check-https-availability" value="True"/>
			<property name="test_parameter_count" value="5"/>
			<property name="source_file" value="/config/tests_bob/grmp_conf.yaml"/>
			<property name="empty_test_parameter_count" value="0"/>
		</properties>
		<testcase name="get_env_test" classname="input-echo-standard(2)" time="5.412101745605469e-05"/>
		<testcase name="check_emptiness_test" classname="input-echo-standard(2)" time="2.2649765014648438e-05"/>
	</testsuite>
	<testsuite name="input-echo-standard-2" timestamp="2026-03-11T08:55:44.787058+00:00" tests="2" errors="0" failures="0" skipped="0" time="6.937980651855469e-05">
		<properties>
			<property name="url" value="https://brugge-ldes.geomobility.eu/observations"/>
			<property name="supports-content-types" value="['text/turtle', 'application/trig']"/>
			<property name="check-response-body-conformity" value="True"/>
			<property name="test_parameter_count" value="3"/>
			<property name="source_file" value="/config/tests_bob/grmp_conf.yaml"/>
			<property name="empty_test_parameter_count" value="0"/>
		</properties>
		<testcase name="get_env_test" classname="input-echo-standard-2" time="4.935264587402344e-05"/>
		<testcase name="check_emptiness_test" classname="input-echo-standard-2" time="2.002716064453125e-05"/>
	</testsuite>
	<testsuite name="input-echo-fail" timestamp="2026-03-11T08:55:45.595627+00:00" tests="2" errors="0" failures="1" skipped="0" time="7.081031799316406e-05">
		<properties>
			<property name="url" value="None"/>
			<property name="supports-content-types" value="['text/turtle', 'application/trig']"/>
			<property name="check-response-body-conformity" value="True"/>
			<property name="test_parameter_count" value="3"/>
			<property name="source_file" value="/config/tests_bob/grmp_conf.yaml"/>
			<property name="empty_test_parameter_count" value="1"/>
		</properties>
		<testcase name="get_env_test" classname="input-echo-fail" time="4.839897155761719e-05"/>
		<testcase name="check_emptiness_test" classname="input-echo-fail" time="2.2411346435546875e-05">
			<failure message="Empty test parameters found">url</failure>
			<system-out>Found empty value: TEST_URL = None
</system-out>
			<system-err/>
		</testcase>
	</testsuite>
	<testsuite name="input-echo-skip" timestamp="2026-03-11T08:55:46.237676+00:00" tests="2" errors="0" failures="1" skipped="1" time="2.9802322387695312e-05">
		<properties>
			<property name="test_parameter_count" value="0"/>
			<property name="source_file" value="/config/tests_bob/grmp_conf.yaml"/>
		</properties>
		<testcase name="get_env_test" classname="input-echo-skip" time="2.9802322387695312e-05">
			<failure message="No test parameters found"/>
			<system-out/>
			<system-err/>
		</testcase>
		<testcase name="check_emptiness_test" classname="input-echo-skip" time="0.0">
			<skipped message="Failure or error within the get_env_test"/>
		</testcase>
	</testsuite>
</testsuites>
